2020-02-20 16:19:21,228 [main] INFO  o.s.c.a.AnnotationConfigApplicationContext - Refreshing org.springframework.context.annotation.AnnotationConfigApplicationContext@55b0dcab: startup date [Thu Feb 20 16:19:21 CST 2020]; root of context hierarchy
2020-02-20 16:19:21,698 [main] INFO  o.s.b.f.a.AutowiredAnnotationBeanPostProcessor - JSR-330 'javax.inject.Inject' annotation found and supported for autowiring
2020-02-20 16:19:21,768 [main] INFO  o.s.c.s.PostProcessorRegistrationDelegate$BeanPostProcessorChecker - Bean 'configurationPropertiesRebinderAutoConfiguration' of type [org.springframework.cloud.autoconfigure.ConfigurationPropertiesRebinderAutoConfiguration$$EnhancerBySpringCGLIB$$66d0a472] is not eligible for getting processed by all BeanPostProcessors (for example: not eligible for auto-proxying)
2020-02-20 16:19:23,765 [main] INFO  c.m.d.c.SpringCloudClientDemoApplication - No active profile set, falling back to default profiles: default
2020-02-20 16:19:23,802 [main] INFO  o.s.b.w.s.c.AnnotationConfigServletWebServerApplicationContext - Refreshing org.springframework.boot.web.servlet.context.AnnotationConfigServletWebServerApplicationContext@b2c5e07: startup date [Thu Feb 20 16:19:23 CST 2020]; parent: org.springframework.context.annotation.AnnotationConfigApplicationContext@55b0dcab
2020-02-20 16:19:24,822 [main] INFO  o.s.cloud.context.scope.GenericScope - BeanFactory id=36964906-d1e6-396f-be34-bc5de25eb36b
2020-02-20 16:19:24,849 [main] INFO  o.s.b.f.a.AutowiredAnnotationBeanPostProcessor - JSR-330 'javax.inject.Inject' annotation found and supported for autowiring
2020-02-20 16:19:25,007 [main] INFO  o.s.c.s.PostProcessorRegistrationDelegate$BeanPostProcessorChecker - Bean 'org.springframework.cloud.autoconfigure.ConfigurationPropertiesRebinderAutoConfiguration' of type [org.springframework.cloud.autoconfigure.ConfigurationPropertiesRebinderAutoConfiguration$$EnhancerBySpringCGLIB$$66d0a472] is not eligible for getting processed by all BeanPostProcessors (for example: not eligible for auto-proxying)
2020-02-20 16:19:25,895 [main] INFO  o.s.b.w.e.tomcat.TomcatWebServer - Tomcat initialized with port(s): 8801 (http)
2020-02-20 16:19:25,915 [main] INFO  o.a.coyote.http11.Http11NioProtocol - Initializing ProtocolHandler ["http-nio-8801"]
2020-02-20 16:19:25,931 [main] INFO  o.a.catalina.core.StandardService - Starting service [Tomcat]
2020-02-20 16:19:25,931 [main] INFO  o.a.catalina.core.StandardEngine - Starting Servlet Engine: Apache Tomcat/8.5.32
2020-02-20 16:19:25,940 [localhost-startStop-1] INFO  o.a.c.core.AprLifecycleListener - The APR based Apache Tomcat Native library which allows optimal performance in production environments was not found on the java.library.path: [C:\Program Files\Java\jdk1.8.0_131\bin;C:\Windows\Sun\Java\bin;C:\Windows\system32;C:\Windows;D:\software\xshell6\Xlpd 6\;C:\Program Files (x86)\NetSarang\Xshell Plus 6 Evaluation\Xftp 6\;D:\software\xshell6\Xshell 6\;D:\software\xshell6\Xmanager 6\;C:\ProgramData\Oracle\Java\javapath;C:\Windows\system32;C:\Windows;C:\Windows\System32\Wbem;C:\Windows\System32\WindowsPowerShell\v1.0\;C:\Windows\System32\OpenSSH\;C:\Program Files\Java\jdk1.8.0_131\bin;D:\software\apache-maven-3.6.3\bin;C:\Program Files\Intel\WiFi\bin\;C:\Program Files\Common Files\Intel\WirelessCommon\;D:\software\gradle-6.0.1\bin;D:\software\redis\;D:\software\erl9.0\bin;C:\Program Files\Git\cmd;D:\software\nodejs;D:\software\nodejs\node-global\;C:\Users\cgc\AppData\Local\Microsoft\WindowsApps;C:\Users\cgc\AppData\Local\BypassRuntm;D:\software\Docker Toolbox;D:\software\Fiddler;;.]
2020-02-20 16:19:26,155 [localhost-startStop-1] INFO  o.a.c.c.C.[Tomcat].[localhost].[/] - Initializing Spring embedded WebApplicationContext
2020-02-20 16:19:26,155 [localhost-startStop-1] INFO  o.s.web.context.ContextLoader - Root WebApplicationContext: initialization completed in 2353 ms
2020-02-20 16:19:26,283 [localhost-startStop-1] INFO  o.s.b.w.s.ServletRegistrationBean - Servlet dispatcherServlet mapped to [/]
2020-02-20 16:19:26,291 [localhost-startStop-1] INFO  o.s.b.w.s.FilterRegistrationBean - Mapping filter: 'characterEncodingFilter' to: [/*]
2020-02-20 16:19:26,291 [localhost-startStop-1] INFO  o.s.b.w.s.FilterRegistrationBean - Mapping filter: 'hiddenHttpMethodFilter' to: [/*]
2020-02-20 16:19:26,291 [localhost-startStop-1] INFO  o.s.b.w.s.FilterRegistrationBean - Mapping filter: 'httpPutFormContentFilter' to: [/*]
2020-02-20 16:19:26,292 [localhost-startStop-1] INFO  o.s.b.w.s.FilterRegistrationBean - Mapping filter: 'requestContextFilter' to: [/*]
2020-02-20 16:19:26,574 [main] INFO  o.s.s.c.ThreadPoolTaskExecutor - Initializing ExecutorService  'clientInboundChannelExecutor'
2020-02-20 16:19:26,587 [main] INFO  o.s.s.c.ThreadPoolTaskExecutor - Initializing ExecutorService  'clientOutboundChannelExecutor'
2020-02-20 16:19:26,632 [main] INFO  o.s.s.c.ThreadPoolTaskScheduler - Initializing ExecutorService  'messageBrokerTaskScheduler'
2020-02-20 16:19:26,680 [main] INFO  o.s.w.s.s.s.WebSocketHandlerMapping - Mapped URL path [/websocket/**] onto handler of type [class org.springframework.web.socket.sockjs.support.SockJsHttpRequestHandler]
2020-02-20 16:19:26,695 [main] INFO  o.s.s.c.ThreadPoolTaskExecutor - Initializing ExecutorService  'brokerChannelExecutor'
2020-02-20 16:19:26,819 [main] INFO  o.s.w.s.m.WebSocketAnnotationMethodMessageHandler - Mapped "{[/hello],messageType=[MESSAGE]}" onto public java.lang.String com.mt.demo.client.websocket.WebsocketController.say(java.lang.String)
2020-02-20 16:19:26,903 [main] WARN  c.n.c.sources.URLConfigurationSource - No URLs will be polled as dynamic configuration sources.
2020-02-20 16:19:26,903 [main] INFO  c.n.c.sources.URLConfigurationSource - To enable URLs as dynamic configuration sources, define System property archaius.configurationSource.additionalUrls or make config.properties available on classpath.
2020-02-20 16:19:26,909 [main] WARN  c.n.c.sources.URLConfigurationSource - No URLs will be polled as dynamic configuration sources.
2020-02-20 16:19:26,909 [main] INFO  c.n.c.sources.URLConfigurationSource - To enable URLs as dynamic configuration sources, define System property archaius.configurationSource.additionalUrls or make config.properties available on classpath.
2020-02-20 16:19:26,993 [main] INFO  o.s.w.s.h.SimpleUrlHandlerMapping - Mapped URL path [/**/favicon.ico] onto handler of type [class org.springframework.web.servlet.resource.ResourceHttpRequestHandler]
2020-02-20 16:19:27,101 [main] INFO  o.s.w.s.m.m.a.RequestMappingHandlerAdapter - Looking for @ControllerAdvice: org.springframework.boot.web.servlet.context.AnnotationConfigServletWebServerApplicationContext@b2c5e07: startup date [Thu Feb 20 16:19:23 CST 2020]; parent: org.springframework.context.annotation.AnnotationConfigApplicationContext@55b0dcab
2020-02-20 16:19:27,261 [main] INFO  o.s.w.s.m.m.a.RequestMappingHandlerMapping - Mapped "{[/demo/get],methods=[GET]}" onto public void com.mt.demo.client.controller.DemoController.get(java.lang.String,javax.servlet.http.HttpServletRequest)
2020-02-20 16:19:27,262 [main] INFO  o.s.w.s.m.m.a.RequestMappingHandlerMapping - Mapped "{[/demo/weight],methods=[GET]}" onto public java.lang.String com.mt.demo.client.controller.DemoController.weight(java.lang.String)
2020-02-20 16:19:27,263 [main] INFO  o.s.w.s.m.m.a.RequestMappingHandlerMapping - Mapped "{[/demo/post],methods=[POST]}" onto public com.alibaba.fastjson.JSONObject com.mt.demo.client.controller.DemoController.post(com.alibaba.fastjson.JSONObject)
2020-02-20 16:19:27,263 [main] INFO  o.s.w.s.m.m.a.RequestMappingHandlerMapping - Mapped "{[/demo/demo/weight],methods=[GET]}" onto public java.lang.String com.mt.demo.client.controller.DemoController.demoWeight(java.lang.String)
2020-02-20 16:19:27,264 [main] INFO  o.s.w.s.m.m.a.RequestMappingHandlerMapping - Mapped "{[/demo/rate],methods=[GET]}" onto public void com.mt.demo.client.controller.DemoController.rate(int)
2020-02-20 16:19:27,265 [main] INFO  o.s.w.s.m.m.a.RequestMappingHandlerMapping - Mapped "{[/websocket/reply],methods=[GET]}" onto public java.lang.String com.mt.demo.client.websocket.WebsocketController.msgReply(java.lang.String)
2020-02-20 16:19:27,269 [main] INFO  o.s.w.s.m.m.a.RequestMappingHandlerMapping - Mapped "{[/error]}" onto public org.springframework.http.ResponseEntity<java.util.Map<java.lang.String, java.lang.Object>> org.springframework.boot.autoconfigure.web.servlet.error.BasicErrorController.error(javax.servlet.http.HttpServletRequest)
2020-02-20 16:19:27,269 [main] INFO  o.s.w.s.m.m.a.RequestMappingHandlerMapping - Mapped "{[/error],produces=[text/html]}" onto public org.springframework.web.servlet.ModelAndView org.springframework.boot.autoconfigure.web.servlet.error.BasicErrorController.errorHtml(javax.servlet.http.HttpServletRequest,javax.servlet.http.HttpServletResponse)
2020-02-20 16:19:27,319 [main] INFO  o.s.w.s.h.SimpleUrlHandlerMapping - Mapped URL path [/webjars/**] onto handler of type [class org.springframework.web.servlet.resource.ResourceHttpRequestHandler]
2020-02-20 16:19:27,320 [main] INFO  o.s.w.s.h.SimpleUrlHandlerMapping - Mapped URL path [/**] onto handler of type [class org.springframework.web.servlet.resource.ResourceHttpRequestHandler]
2020-02-20 16:19:27,333 [main] DEBUG o.s.w.s.m.m.a.ExceptionHandlerExceptionResolver - Looking for exception mappings: org.springframework.boot.web.servlet.context.AnnotationConfigServletWebServerApplicationContext@b2c5e07: startup date [Thu Feb 20 16:19:23 CST 2020]; parent: org.springframework.context.annotation.AnnotationConfigApplicationContext@55b0dcab
2020-02-20 16:19:27,375 [main] INFO  o.s.b.a.w.s.WelcomePageHandlerMapping - Adding welcome page: class path resource [public/index.html]
2020-02-20 16:19:28,991 [main] INFO  o.s.cloud.commons.util.InetUtils - Cannot determine local hostname
2020-02-20 16:19:30,440 [main] INFO  o.s.cloud.commons.util.InetUtils - Cannot determine local hostname
2020-02-20 16:19:30,681 [main] INFO  o.s.j.e.a.AnnotationMBeanExporter - Registering beans for JMX exposure on startup
2020-02-20 16:19:30,693 [main] INFO  o.s.j.e.a.AnnotationMBeanExporter - Bean with name 'configurationPropertiesRebinder' has been autodetected for JMX exposure
2020-02-20 16:19:30,694 [main] INFO  o.s.j.e.a.AnnotationMBeanExporter - Bean with name 'environmentManager' has been autodetected for JMX exposure
2020-02-20 16:19:30,694 [main] INFO  o.s.j.e.a.AnnotationMBeanExporter - Bean with name 'refreshScope' has been autodetected for JMX exposure
2020-02-20 16:19:30,699 [main] INFO  o.s.j.e.a.AnnotationMBeanExporter - Located managed bean 'environmentManager': registering with JMX server as MBean [org.springframework.cloud.context.environment:name=environmentManager,type=EnvironmentManager]
2020-02-20 16:19:30,712 [main] INFO  o.s.j.e.a.AnnotationMBeanExporter - Located managed bean 'refreshScope': registering with JMX server as MBean [org.springframework.cloud.context.scope.refresh:name=refreshScope,type=RefreshScope]
2020-02-20 16:19:30,726 [main] INFO  o.s.j.e.a.AnnotationMBeanExporter - Located managed bean 'configurationPropertiesRebinder': registering with JMX server as MBean [org.springframework.cloud.context.properties:name=configurationPropertiesRebinder,context=b2c5e07,type=ConfigurationPropertiesRebinder]
2020-02-20 16:19:30,739 [main] INFO  o.s.c.s.DefaultLifecycleProcessor - Starting beans in phase 0
2020-02-20 16:19:30,755 [main] INFO  o.s.c.n.eureka.InstanceInfoFactory - Setting initial instance status as: STARTING
2020-02-20 16:19:30,803 [main] INFO  c.netflix.discovery.DiscoveryClient - Initializing Eureka in region us-east-1
2020-02-20 16:19:31,321 [main] INFO  c.n.d.p.DiscoveryJerseyProvider - Using JSON encoding codec LegacyJacksonJson
2020-02-20 16:19:31,322 [main] INFO  c.n.d.p.DiscoveryJerseyProvider - Using JSON decoding codec LegacyJacksonJson
2020-02-20 16:19:31,451 [main] INFO  c.n.d.p.DiscoveryJerseyProvider - Using XML encoding codec XStreamXml
2020-02-20 16:19:31,451 [main] INFO  c.n.d.p.DiscoveryJerseyProvider - Using XML decoding codec XStreamXml
2020-02-20 16:19:31,682 [main] INFO  c.n.d.s.r.aws.ConfigClusterResolver - Resolving eureka endpoints via configuration
2020-02-20 16:19:31,876 [main] INFO  c.netflix.discovery.DiscoveryClient - Disable delta property : false
2020-02-20 16:19:31,876 [main] INFO  c.netflix.discovery.DiscoveryClient - Single vip registry refresh property : null
2020-02-20 16:19:31,876 [main] INFO  c.netflix.discovery.DiscoveryClient - Force full registry fetch : false
2020-02-20 16:19:31,876 [main] INFO  c.netflix.discovery.DiscoveryClient - Application is null : false
2020-02-20 16:19:31,876 [main] INFO  c.netflix.discovery.DiscoveryClient - Registered Applications size is zero : true
2020-02-20 16:19:31,876 [main] INFO  c.netflix.discovery.DiscoveryClient - Application version is -1: true
2020-02-20 16:19:31,876 [main] INFO  c.netflix.discovery.DiscoveryClient - Getting all instance registry info from the eureka server
2020-02-20 16:19:32,033 [main] INFO  c.netflix.discovery.DiscoveryClient - The response status is 200
2020-02-20 16:19:32,035 [main] INFO  c.netflix.discovery.DiscoveryClient - Starting heartbeat executor: renew interval is: 35
2020-02-20 16:19:32,037 [main] INFO  c.n.discovery.InstanceInfoReplicator - InstanceInfoReplicator onDemand update allowed rate per min is 4
2020-02-20 16:19:32,039 [main] INFO  c.netflix.discovery.DiscoveryClient - Discovery Client initialized at timestamp 1582186772039 with initial instances count: 1
2020-02-20 16:19:32,046 [main] INFO  o.s.c.n.e.s.EurekaServiceRegistry - Registering application SPRING-CLOUD-WEBSOCKET-CLIENT with eureka with status UP
2020-02-20 16:19:32,046 [main] INFO  c.netflix.discovery.DiscoveryClient - Saw local status change event StatusChangeEvent [timestamp=1582186772046, current=UP, previous=STARTING]
2020-02-20 16:19:32,048 [DiscoveryClient-InstanceInfoReplicator-0] INFO  c.netflix.discovery.DiscoveryClient - DiscoveryClient_SPRING-CLOUD-WEBSOCKET-CLIENT/spring-cloud-websocket-client:8801: registering service...
2020-02-20 16:19:32,050 [main] INFO  o.s.c.s.DefaultLifecycleProcessor - Starting beans in phase 2147483647
2020-02-20 16:19:32,051 [main] INFO  o.s.m.s.b.SimpleBrokerMessageHandler - Starting...
2020-02-20 16:19:32,052 [main] INFO  o.s.m.s.b.SimpleBrokerMessageHandler - BrokerAvailabilityEvent[available=true, SimpleBrokerMessageHandler [DefaultSubscriptionRegistry[cache[0 destination(s)], registry[0 sessions]]]]
2020-02-20 16:19:32,052 [main] INFO  o.s.m.s.b.SimpleBrokerMessageHandler - Started.
2020-02-20 16:19:32,061 [main] INFO  o.a.coyote.http11.Http11NioProtocol - Starting ProtocolHandler ["http-nio-8801"]
2020-02-20 16:19:32,072 [main] INFO  o.a.tomcat.util.net.NioSelectorPool - Using a shared selector for servlet write/read
2020-02-20 16:19:32,088 [main] INFO  o.s.b.w.e.tomcat.TomcatWebServer - Tomcat started on port(s): 8801 (http) with context path ''
2020-02-20 16:19:32,088 [DiscoveryClient-InstanceInfoReplicator-0] INFO  c.netflix.discovery.DiscoveryClient - DiscoveryClient_SPRING-CLOUD-WEBSOCKET-CLIENT/spring-cloud-websocket-client:8801 - registration status: 204
2020-02-20 16:19:32,089 [main] INFO  o.s.c.n.e.s.EurekaAutoServiceRegistration - Updating port to 8801
2020-02-20 16:19:32,091 [main] INFO  c.m.d.c.SpringCloudClientDemoApplication - Started SpringCloudClientDemoApplication in 13.273 seconds (JVM running for 14.604)
2020-02-20 16:20:26,694 [MessageBroker-1] INFO  o.s.w.s.c.WebSocketMessageBrokerStats - WebSocketSession[0 current WS(0)-HttpStream(0)-HttpPoll(0), 0 total, 0 closed abnormally (0 connect failure, 0 send limit, 0 transport error)], stompSubProtocol[processed CONNECT(0)-CONNECTED(0)-DISCONNECT(0)], stompBrokerRelay[null], inboundChannel[pool size = 0, active threads = 0, queued tasks = 0, completed tasks = 0], outboundChannelpool size = 0, active threads = 0, queued tasks = 0, completed tasks = 0], sockJsScheduler[pool size = 1, active threads = 1, queued tasks = 0, completed tasks = 0]
2020-02-20 16:20:30,910 [http-nio-8801-exec-1] INFO  o.a.c.c.C.[Tomcat].[localhost].[/] - Initializing Spring FrameworkServlet 'dispatcherServlet'
2020-02-20 16:20:30,910 [http-nio-8801-exec-1] INFO  o.s.web.servlet.DispatcherServlet - FrameworkServlet 'dispatcherServlet': initialization started
2020-02-20 16:20:30,934 [http-nio-8801-exec-1] INFO  o.s.web.servlet.DispatcherServlet - FrameworkServlet 'dispatcherServlet': initialization completed in 24 ms
2020-02-20 16:21:18,252 [http-nio-8801-exec-2] INFO  c.m.d.c.w.WebsocketController - websocket reply: qqqq
2020-02-20 16:24:31,879 [AsyncResolver-bootstrap-executor-0] INFO  c.n.d.s.r.aws.ConfigClusterResolver - Resolving eureka endpoints via configuration
2020-02-20 16:29:31,882 [AsyncResolver-bootstrap-executor-0] INFO  c.n.d.s.r.aws.ConfigClusterResolver - Resolving eureka endpoints via configuration
2020-02-20 16:29:53,769 [main] INFO  o.s.c.a.AnnotationConfigApplicationContext - Refreshing org.springframework.context.annotation.AnnotationConfigApplicationContext@5e5d171f: startup date [Thu Feb 20 16:29:53 CST 2020]; root of context hierarchy
2020-02-20 16:29:53,996 [main] INFO  o.s.b.f.a.AutowiredAnnotationBeanPostProcessor - JSR-330 'javax.inject.Inject' annotation found and supported for autowiring
2020-02-20 16:29:54,028 [main] INFO  o.s.c.s.PostProcessorRegistrationDelegate$BeanPostProcessorChecker - Bean 'configurationPropertiesRebinderAutoConfiguration' of type [org.springframework.cloud.autoconfigure.ConfigurationPropertiesRebinderAutoConfiguration$$EnhancerBySpringCGLIB$$3c7c1ee1] is not eligible for getting processed by all BeanPostProcessors (for example: not eligible for auto-proxying)
2020-02-20 16:29:54,398 [main] INFO  c.m.d.c.SpringCloudClientDemoApplication - No active profile set, falling back to default profiles: default
2020-02-20 16:29:54,411 [main] INFO  o.s.b.w.s.c.AnnotationConfigServletWebServerApplicationContext - Refreshing org.springframework.boot.web.servlet.context.AnnotationConfigServletWebServerApplicationContext@53f6fd09: startup date [Thu Feb 20 16:29:54 CST 2020]; parent: org.springframework.context.annotation.AnnotationConfigApplicationContext@5e5d171f
2020-02-20 16:29:54,963 [main] INFO  o.s.cloud.context.scope.GenericScope - BeanFactory id=36964906-d1e6-396f-be34-bc5de25eb36b
2020-02-20 16:29:54,981 [main] INFO  o.s.b.f.a.AutowiredAnnotationBeanPostProcessor - JSR-330 'javax.inject.Inject' annotation found and supported for autowiring
2020-02-20 16:29:55,072 [main] INFO  o.s.c.s.PostProcessorRegistrationDelegate$BeanPostProcessorChecker - Bean 'org.springframework.cloud.autoconfigure.ConfigurationPropertiesRebinderAutoConfiguration' of type [org.springframework.cloud.autoconfigure.ConfigurationPropertiesRebinderAutoConfiguration$$EnhancerBySpringCGLIB$$3c7c1ee1] is not eligible for getting processed by all BeanPostProcessors (for example: not eligible for auto-proxying)
2020-02-20 16:29:55,359 [main] INFO  o.s.b.w.e.tomcat.TomcatWebServer - Tomcat initialized with port(s): 8801 (http)
2020-02-20 16:29:55,368 [main] INFO  o.a.coyote.http11.Http11NioProtocol - Initializing ProtocolHandler ["http-nio-8801"]
2020-02-20 16:29:55,377 [main] INFO  o.a.catalina.core.StandardService - Starting service [Tomcat]
2020-02-20 16:29:55,377 [main] INFO  o.a.catalina.core.StandardEngine - Starting Servlet Engine: Apache Tomcat/8.5.32
2020-02-20 16:29:55,381 [localhost-startStop-1] INFO  o.a.c.core.AprLifecycleListener - The APR based Apache Tomcat Native library which allows optimal performance in production environments was not found on the java.library.path: [C:\Program Files\Java\jdk1.8.0_131\bin;C:\Windows\Sun\Java\bin;C:\Windows\system32;C:\Windows;D:\software\xshell6\Xlpd 6\;C:\Program Files (x86)\NetSarang\Xshell Plus 6 Evaluation\Xftp 6\;D:\software\xshell6\Xshell 6\;D:\software\xshell6\Xmanager 6\;C:\ProgramData\Oracle\Java\javapath;C:\Windows\system32;C:\Windows;C:\Windows\System32\Wbem;C:\Windows\System32\WindowsPowerShell\v1.0\;C:\Windows\System32\OpenSSH\;C:\Program Files\Java\jdk1.8.0_131\bin;D:\software\apache-maven-3.6.3\bin;C:\Program Files\Intel\WiFi\bin\;C:\Program Files\Common Files\Intel\WirelessCommon\;D:\software\gradle-6.0.1\bin;D:\software\redis\;D:\software\erl9.0\bin;C:\Program Files\Git\cmd;D:\software\nodejs;D:\software\nodejs\node-global\;C:\Users\cgc\AppData\Local\Microsoft\WindowsApps;C:\Users\cgc\AppData\Local\BypassRuntm;D:\software\Docker Toolbox;D:\software\Fiddler;;.]
2020-02-20 16:29:55,486 [localhost-startStop-1] INFO  o.a.c.c.C.[Tomcat].[localhost].[/] - Initializing Spring embedded WebApplicationContext
2020-02-20 16:29:55,487 [localhost-startStop-1] INFO  o.s.web.context.ContextLoader - Root WebApplicationContext: initialization completed in 1076 ms
2020-02-20 16:29:55,558 [localhost-startStop-1] INFO  o.s.b.w.s.ServletRegistrationBean - Servlet dispatcherServlet mapped to [/]
2020-02-20 16:29:55,562 [localhost-startStop-1] INFO  o.s.b.w.s.FilterRegistrationBean - Mapping filter: 'characterEncodingFilter' to: [/*]
2020-02-20 16:29:55,563 [localhost-startStop-1] INFO  o.s.b.w.s.FilterRegistrationBean - Mapping filter: 'hiddenHttpMethodFilter' to: [/*]
2020-02-20 16:29:55,563 [localhost-startStop-1] INFO  o.s.b.w.s.FilterRegistrationBean - Mapping filter: 'httpPutFormContentFilter' to: [/*]
2020-02-20 16:29:55,563 [localhost-startStop-1] INFO  o.s.b.w.s.FilterRegistrationBean - Mapping filter: 'requestContextFilter' to: [/*]
2020-02-20 16:29:55,744 [main] INFO  o.s.s.c.ThreadPoolTaskExecutor - Initializing ExecutorService  'clientInboundChannelExecutor'
2020-02-20 16:29:55,752 [main] INFO  o.s.s.c.ThreadPoolTaskExecutor - Initializing ExecutorService  'clientOutboundChannelExecutor'
2020-02-20 16:29:55,785 [main] INFO  o.s.s.c.ThreadPoolTaskScheduler - Initializing ExecutorService  'messageBrokerTaskScheduler'
2020-02-20 16:29:55,817 [main] INFO  o.s.w.s.s.s.WebSocketHandlerMapping - Mapped URL path [/websocket/**] onto handler of type [class org.springframework.web.socket.sockjs.support.SockJsHttpRequestHandler]
2020-02-20 16:29:55,830 [main] INFO  o.s.s.c.ThreadPoolTaskExecutor - Initializing ExecutorService  'brokerChannelExecutor'
2020-02-20 16:29:55,906 [main] INFO  o.s.w.s.m.WebSocketAnnotationMethodMessageHandler - Mapped "{[/hello],messageType=[MESSAGE]}" onto public java.lang.String com.mt.demo.client.websocket.WebsocketController.say(java.lang.String)
2020-02-20 16:29:55,951 [main] WARN  c.n.c.sources.URLConfigurationSource - No URLs will be polled as dynamic configuration sources.
2020-02-20 16:29:55,952 [main] INFO  c.n.c.sources.URLConfigurationSource - To enable URLs as dynamic configuration sources, define System property archaius.configurationSource.additionalUrls or make config.properties available on classpath.
2020-02-20 16:29:55,955 [main] WARN  c.n.c.sources.URLConfigurationSource - No URLs will be polled as dynamic configuration sources.
2020-02-20 16:29:55,955 [main] INFO  c.n.c.sources.URLConfigurationSource - To enable URLs as dynamic configuration sources, define System property archaius.configurationSource.additionalUrls or make config.properties available on classpath.
2020-02-20 16:29:56,010 [main] INFO  o.s.w.s.h.SimpleUrlHandlerMapping - Mapped URL path [/**/favicon.ico] onto handler of type [class org.springframework.web.servlet.resource.ResourceHttpRequestHandler]
2020-02-20 16:29:56,089 [main] INFO  o.s.w.s.m.m.a.RequestMappingHandlerAdapter - Looking for @ControllerAdvice: org.springframework.boot.web.servlet.context.AnnotationConfigServletWebServerApplicationContext@53f6fd09: startup date [Thu Feb 20 16:29:54 CST 2020]; parent: org.springframework.context.annotation.AnnotationConfigApplicationContext@5e5d171f
2020-02-20 16:29:56,246 [main] INFO  o.s.w.s.m.m.a.RequestMappingHandlerMapping - Mapped "{[/demo/get],methods=[GET]}" onto public void com.mt.demo.client.controller.DemoController.get(java.lang.String,javax.servlet.http.HttpServletRequest)
2020-02-20 16:29:56,247 [main] INFO  o.s.w.s.m.m.a.RequestMappingHandlerMapping - Mapped "{[/demo/weight],methods=[GET]}" onto public java.lang.String com.mt.demo.client.controller.DemoController.weight(java.lang.String)
2020-02-20 16:29:56,247 [main] INFO  o.s.w.s.m.m.a.RequestMappingHandlerMapping - Mapped "{[/demo/post],methods=[POST]}" onto public com.alibaba.fastjson.JSONObject com.mt.demo.client.controller.DemoController.post(com.alibaba.fastjson.JSONObject)
2020-02-20 16:29:56,247 [main] INFO  o.s.w.s.m.m.a.RequestMappingHandlerMapping - Mapped "{[/demo/rate],methods=[GET]}" onto public void com.mt.demo.client.controller.DemoController.rate(int)
2020-02-20 16:29:56,247 [main] INFO  o.s.w.s.m.m.a.RequestMappingHandlerMapping - Mapped "{[/demo/demo/weight],methods=[GET]}" onto public java.lang.String com.mt.demo.client.controller.DemoController.demoWeight(java.lang.String)
2020-02-20 16:29:56,248 [main] INFO  o.s.w.s.m.m.a.RequestMappingHandlerMapping - Mapped "{[/websocket/reply],methods=[GET]}" onto public java.lang.String com.mt.demo.client.websocket.WebsocketController.msgReply(java.lang.String)
2020-02-20 16:29:56,250 [main] INFO  o.s.w.s.m.m.a.RequestMappingHandlerMapping - Mapped "{[/error]}" onto public org.springframework.http.ResponseEntity<java.util.Map<java.lang.String, java.lang.Object>> org.springframework.boot.autoconfigure.web.servlet.error.BasicErrorController.error(javax.servlet.http.HttpServletRequest)
2020-02-20 16:29:56,250 [main] INFO  o.s.w.s.m.m.a.RequestMappingHandlerMapping - Mapped "{[/error],produces=[text/html]}" onto public org.springframework.web.servlet.ModelAndView org.springframework.boot.autoconfigure.web.servlet.error.BasicErrorController.errorHtml(javax.servlet.http.HttpServletRequest,javax.servlet.http.HttpServletResponse)
2020-02-20 16:29:56,290 [main] INFO  o.s.w.s.h.SimpleUrlHandlerMapping - Mapped URL path [/webjars/**] onto handler of type [class org.springframework.web.servlet.resource.ResourceHttpRequestHandler]
2020-02-20 16:29:56,291 [main] INFO  o.s.w.s.h.SimpleUrlHandlerMapping - Mapped URL path [/**] onto handler of type [class org.springframework.web.servlet.resource.ResourceHttpRequestHandler]
2020-02-20 16:29:56,301 [main] DEBUG o.s.w.s.m.m.a.ExceptionHandlerExceptionResolver - Looking for exception mappings: org.springframework.boot.web.servlet.context.AnnotationConfigServletWebServerApplicationContext@53f6fd09: startup date [Thu Feb 20 16:29:54 CST 2020]; parent: org.springframework.context.annotation.AnnotationConfigApplicationContext@5e5d171f
2020-02-20 16:29:56,336 [main] INFO  o.s.b.a.w.s.WelcomePageHandlerMapping - Adding welcome page: class path resource [public/index.html]
2020-02-20 16:29:57,051 [main] INFO  o.s.j.e.a.AnnotationMBeanExporter - Registering beans for JMX exposure on startup
2020-02-20 16:29:57,058 [main] INFO  o.s.j.e.a.AnnotationMBeanExporter - Bean with name 'configurationPropertiesRebinder' has been autodetected for JMX exposure
2020-02-20 16:29:57,059 [main] INFO  o.s.j.e.a.AnnotationMBeanExporter - Bean with name 'environmentManager' has been autodetected for JMX exposure
2020-02-20 16:29:57,060 [main] INFO  o.s.j.e.a.AnnotationMBeanExporter - Bean with name 'refreshScope' has been autodetected for JMX exposure
2020-02-20 16:29:57,063 [main] INFO  o.s.j.e.a.AnnotationMBeanExporter - Located managed bean 'environmentManager': registering with JMX server as MBean [org.springframework.cloud.context.environment:name=environmentManager,type=EnvironmentManager]
2020-02-20 16:29:57,072 [main] INFO  o.s.j.e.a.AnnotationMBeanExporter - Located managed bean 'refreshScope': registering with JMX server as MBean [org.springframework.cloud.context.scope.refresh:name=refreshScope,type=RefreshScope]
2020-02-20 16:29:57,081 [main] INFO  o.s.j.e.a.AnnotationMBeanExporter - Located managed bean 'configurationPropertiesRebinder': registering with JMX server as MBean [org.springframework.cloud.context.properties:name=configurationPropertiesRebinder,context=53f6fd09,type=ConfigurationPropertiesRebinder]
2020-02-20 16:29:57,089 [main] INFO  o.s.c.s.DefaultLifecycleProcessor - Starting beans in phase 0
2020-02-20 16:29:57,100 [main] INFO  o.s.c.n.eureka.InstanceInfoFactory - Setting initial instance status as: STARTING
2020-02-20 16:29:57,131 [main] INFO  c.netflix.discovery.DiscoveryClient - Initializing Eureka in region us-east-1
2020-02-20 16:29:57,391 [main] INFO  c.n.d.p.DiscoveryJerseyProvider - Using JSON encoding codec LegacyJacksonJson
2020-02-20 16:29:57,391 [main] INFO  c.n.d.p.DiscoveryJerseyProvider - Using JSON decoding codec LegacyJacksonJson
2020-02-20 16:29:57,480 [main] INFO  c.n.d.p.DiscoveryJerseyProvider - Using XML encoding codec XStreamXml
2020-02-20 16:29:57,481 [main] INFO  c.n.d.p.DiscoveryJerseyProvider - Using XML decoding codec XStreamXml
2020-02-20 16:29:57,675 [main] INFO  c.n.d.s.r.aws.ConfigClusterResolver - Resolving eureka endpoints via configuration
2020-02-20 16:29:57,756 [main] INFO  c.netflix.discovery.DiscoveryClient - Disable delta property : false
2020-02-20 16:29:57,757 [main] INFO  c.netflix.discovery.DiscoveryClient - Single vip registry refresh property : null
2020-02-20 16:29:57,757 [main] INFO  c.netflix.discovery.DiscoveryClient - Force full registry fetch : false
2020-02-20 16:29:57,757 [main] INFO  c.netflix.discovery.DiscoveryClient - Application is null : false
2020-02-20 16:29:57,757 [main] INFO  c.netflix.discovery.DiscoveryClient - Registered Applications size is zero : true
2020-02-20 16:29:57,757 [main] INFO  c.netflix.discovery.DiscoveryClient - Application version is -1: true
2020-02-20 16:29:57,757 [main] INFO  c.netflix.discovery.DiscoveryClient - Getting all instance registry info from the eureka server
2020-02-20 16:29:57,905 [main] INFO  c.netflix.discovery.DiscoveryClient - The response status is 200
2020-02-20 16:29:57,908 [main] INFO  c.netflix.discovery.DiscoveryClient - Starting heartbeat executor: renew interval is: 35
2020-02-20 16:29:57,910 [main] INFO  c.n.discovery.InstanceInfoReplicator - InstanceInfoReplicator onDemand update allowed rate per min is 4
2020-02-20 16:29:57,914 [main] INFO  c.netflix.discovery.DiscoveryClient - Discovery Client initialized at timestamp 1582187397912 with initial instances count: 3
2020-02-20 16:29:57,920 [main] INFO  o.s.c.n.e.s.EurekaServiceRegistry - Registering application SPRING-CLOUD-WEBSOCKET-CLIENT with eureka with status UP
2020-02-20 16:29:57,921 [main] INFO  c.netflix.discovery.DiscoveryClient - Saw local status change event StatusChangeEvent [timestamp=1582187397921, current=UP, previous=STARTING]
2020-02-20 16:29:57,923 [DiscoveryClient-InstanceInfoReplicator-0] INFO  c.netflix.discovery.DiscoveryClient - DiscoveryClient_SPRING-CLOUD-WEBSOCKET-CLIENT/spring-cloud-websocket-client:8801: registering service...
2020-02-20 16:29:57,929 [main] INFO  o.s.c.s.DefaultLifecycleProcessor - Starting beans in phase 2147483647
2020-02-20 16:29:57,929 [main] INFO  o.s.m.s.b.SimpleBrokerMessageHandler - Starting...
2020-02-20 16:29:57,930 [main] INFO  o.s.m.s.b.SimpleBrokerMessageHandler - BrokerAvailabilityEvent[available=true, SimpleBrokerMessageHandler [DefaultSubscriptionRegistry[cache[0 destination(s)], registry[0 sessions]]]]
2020-02-20 16:29:57,930 [main] INFO  o.s.m.s.b.SimpleBrokerMessageHandler - Started.
2020-02-20 16:29:57,943 [main] INFO  o.a.coyote.http11.Http11NioProtocol - Starting ProtocolHandler ["http-nio-8801"]
2020-02-20 16:29:57,955 [main] INFO  o.a.tomcat.util.net.NioSelectorPool - Using a shared selector for servlet write/read
2020-02-20 16:29:57,967 [DiscoveryClient-InstanceInfoReplicator-0] INFO  c.netflix.discovery.DiscoveryClient - DiscoveryClient_SPRING-CLOUD-WEBSOCKET-CLIENT/spring-cloud-websocket-client:8801 - registration status: 204
2020-02-20 16:29:57,973 [main] INFO  o.s.b.w.e.tomcat.TomcatWebServer - Tomcat started on port(s): 8801 (http) with context path ''
2020-02-20 16:29:57,974 [main] INFO  o.s.c.n.e.s.EurekaAutoServiceRegistration - Updating port to 8801
2020-02-20 16:29:57,977 [main] INFO  c.m.d.c.SpringCloudClientDemoApplication - Started SpringCloudClientDemoApplication in 5.156 seconds (JVM running for 6.045)
2020-02-20 16:30:55,830 [MessageBroker-1] INFO  o.s.w.s.c.WebSocketMessageBrokerStats - WebSocketSession[0 current WS(0)-HttpStream(0)-HttpPoll(0), 0 total, 0 closed abnormally (0 connect failure, 0 send limit, 0 transport error)], stompSubProtocol[processed CONNECT(0)-CONNECTED(0)-DISCONNECT(0)], stompBrokerRelay[null], inboundChannel[pool size = 0, active threads = 0, queued tasks = 0, completed tasks = 0], outboundChannelpool size = 0, active threads = 0, queued tasks = 0, completed tasks = 0], sockJsScheduler[pool size = 1, active threads = 1, queued tasks = 0, completed tasks = 0]
2020-02-20 16:34:57,759 [AsyncResolver-bootstrap-executor-0] INFO  c.n.d.s.r.aws.ConfigClusterResolver - Resolving eureka endpoints via configuration
2020-02-20 16:37:50,284 [http-nio-8801-exec-2] INFO  o.a.c.c.C.[Tomcat].[localhost].[/] - Initializing Spring FrameworkServlet 'dispatcherServlet'
2020-02-20 16:37:50,284 [http-nio-8801-exec-2] INFO  o.s.web.servlet.DispatcherServlet - FrameworkServlet 'dispatcherServlet': initialization started
2020-02-20 16:37:50,308 [http-nio-8801-exec-2] INFO  o.s.web.servlet.DispatcherServlet - FrameworkServlet 'dispatcherServlet': initialization completed in 24 ms
2020-02-20 16:39:57,762 [AsyncResolver-bootstrap-executor-0] INFO  c.n.d.s.r.aws.ConfigClusterResolver - Resolving eureka endpoints via configuration
2020-02-20 16:44:57,724 [AsyncResolver-bootstrap-executor-0] INFO  c.n.d.s.r.aws.ConfigClusterResolver - Resolving eureka endpoints via configuration
2020-02-20 16:49:57,725 [AsyncResolver-bootstrap-executor-0] INFO  c.n.d.s.r.aws.ConfigClusterResolver - Resolving eureka endpoints via configuration
2020-02-20 16:54:57,726 [AsyncResolver-bootstrap-executor-0] INFO  c.n.d.s.r.aws.ConfigClusterResolver - Resolving eureka endpoints via configuration
2020-02-20 16:59:57,728 [AsyncResolver-bootstrap-executor-0] INFO  c.n.d.s.r.aws.ConfigClusterResolver - Resolving eureka endpoints via configuration
2020-02-20 17:00:55,789 [MessageBroker-2] INFO  o.s.w.s.c.WebSocketMessageBrokerStats - WebSocketSession[0 current WS(0)-HttpStream(0)-HttpPoll(0), 1 total, 0 closed abnormally (0 connect failure, 0 send limit, 1 transport error)], stompSubProtocol[processed CONNECT(1)-CONNECTED(1)-DISCONNECT(0)], stompBrokerRelay[null], inboundChannel[pool size = 3, active threads = 0, queued tasks = 0, completed tasks = 9], outboundChannelpool size = 1, active threads = 0, queued tasks = 0, completed tasks = 2], sockJsScheduler[pool size = 8, active threads = 1, queued tasks = 1, completed tasks = 332]
2020-02-20 17:01:08,107 [main] INFO  o.s.c.a.AnnotationConfigApplicationContext - Refreshing org.springframework.context.annotation.AnnotationConfigApplicationContext@6f3c660a: startup date [Thu Feb 20 17:01:08 CST 2020]; root of context hierarchy
2020-02-20 17:01:08,355 [main] INFO  o.s.b.f.a.AutowiredAnnotationBeanPostProcessor - JSR-330 'javax.inject.Inject' annotation found and supported for autowiring
2020-02-20 17:01:08,400 [main] INFO  o.s.c.s.PostProcessorRegistrationDelegate$BeanPostProcessorChecker - Bean 'configurationPropertiesRebinderAutoConfiguration' of type [org.springframework.cloud.autoconfigure.ConfigurationPropertiesRebinderAutoConfiguration$$EnhancerBySpringCGLIB$$b48da96] is not eligible for getting processed by all BeanPostProcessors (for example: not eligible for auto-proxying)
2020-02-20 17:01:08,812 [main] INFO  c.m.d.c.SpringCloudClientDemoApplication - No active profile set, falling back to default profiles: default
2020-02-20 17:01:08,830 [main] INFO  o.s.b.w.s.c.AnnotationConfigServletWebServerApplicationContext - Refreshing org.springframework.boot.web.servlet.context.AnnotationConfigServletWebServerApplicationContext@4f8caaf3: startup date [Thu Feb 20 17:01:08 CST 2020]; parent: org.springframework.context.annotation.AnnotationConfigApplicationContext@6f3c660a
2020-02-20 17:01:09,507 [main] INFO  o.s.cloud.context.scope.GenericScope - BeanFactory id=36964906-d1e6-396f-be34-bc5de25eb36b
2020-02-20 17:01:09,531 [main] INFO  o.s.b.f.a.AutowiredAnnotationBeanPostProcessor - JSR-330 'javax.inject.Inject' annotation found and supported for autowiring
2020-02-20 17:01:09,661 [main] INFO  o.s.c.s.PostProcessorRegistrationDelegate$BeanPostProcessorChecker - Bean 'org.springframework.cloud.autoconfigure.ConfigurationPropertiesRebinderAutoConfiguration' of type [org.springframework.cloud.autoconfigure.ConfigurationPropertiesRebinderAutoConfiguration$$EnhancerBySpringCGLIB$$b48da96] is not eligible for getting processed by all BeanPostProcessors (for example: not eligible for auto-proxying)
2020-02-20 17:01:10,057 [main] INFO  o.s.b.w.e.tomcat.TomcatWebServer - Tomcat initialized with port(s): 8801 (http)
2020-02-20 17:01:10,071 [main] INFO  o.a.coyote.http11.Http11NioProtocol - Initializing ProtocolHandler ["http-nio-8801"]
2020-02-20 17:01:10,082 [main] INFO  o.a.catalina.core.StandardService - Starting service [Tomcat]
2020-02-20 17:01:10,082 [main] INFO  o.a.catalina.core.StandardEngine - Starting Servlet Engine: Apache Tomcat/8.5.32
2020-02-20 17:01:10,087 [localhost-startStop-1] INFO  o.a.c.core.AprLifecycleListener - The APR based Apache Tomcat Native library which allows optimal performance in production environments was not found on the java.library.path: [C:\Program Files\Java\jdk1.8.0_131\bin;C:\Windows\Sun\Java\bin;C:\Windows\system32;C:\Windows;D:\software\xshell6\Xlpd 6\;C:\Program Files (x86)\NetSarang\Xshell Plus 6 Evaluation\Xftp 6\;D:\software\xshell6\Xshell 6\;D:\software\xshell6\Xmanager 6\;C:\ProgramData\Oracle\Java\javapath;C:\Windows\system32;C:\Windows;C:\Windows\System32\Wbem;C:\Windows\System32\WindowsPowerShell\v1.0\;C:\Windows\System32\OpenSSH\;C:\Program Files\Java\jdk1.8.0_131\bin;D:\software\apache-maven-3.6.3\bin;C:\Program Files\Intel\WiFi\bin\;C:\Program Files\Common Files\Intel\WirelessCommon\;D:\software\gradle-6.0.1\bin;D:\software\redis\;D:\software\erl9.0\bin;C:\Program Files\Git\cmd;D:\software\nodejs;D:\software\nodejs\node-global\;C:\Users\cgc\AppData\Local\Microsoft\WindowsApps;C:\Users\cgc\AppData\Local\BypassRuntm;D:\software\Docker Toolbox;D:\software\Fiddler;;.]
2020-02-20 17:01:10,239 [localhost-startStop-1] INFO  o.a.c.c.C.[Tomcat].[localhost].[/] - Initializing Spring embedded WebApplicationContext
2020-02-20 17:01:10,239 [localhost-startStop-1] INFO  o.s.web.context.ContextLoader - Root WebApplicationContext: initialization completed in 1410 ms
2020-02-20 17:01:10,332 [localhost-startStop-1] INFO  o.s.b.w.s.ServletRegistrationBean - Servlet dispatcherServlet mapped to [/]
2020-02-20 17:01:10,341 [localhost-startStop-1] INFO  o.s.b.w.s.FilterRegistrationBean - Mapping filter: 'characterEncodingFilter' to: [/*]
2020-02-20 17:01:10,341 [localhost-startStop-1] INFO  o.s.b.w.s.FilterRegistrationBean - Mapping filter: 'hiddenHttpMethodFilter' to: [/*]
2020-02-20 17:01:10,341 [localhost-startStop-1] INFO  o.s.b.w.s.FilterRegistrationBean - Mapping filter: 'httpPutFormContentFilter' to: [/*]
2020-02-20 17:01:10,341 [localhost-startStop-1] INFO  o.s.b.w.s.FilterRegistrationBean - Mapping filter: 'requestContextFilter' to: [/*]
2020-02-20 17:01:10,598 [main] INFO  o.s.s.c.ThreadPoolTaskExecutor - Initializing ExecutorService  'clientInboundChannelExecutor'
2020-02-20 17:01:10,614 [main] INFO  o.s.s.c.ThreadPoolTaskExecutor - Initializing ExecutorService  'clientOutboundChannelExecutor'
2020-02-20 17:01:10,663 [main] INFO  o.s.s.c.ThreadPoolTaskScheduler - Initializing ExecutorService  'messageBrokerTaskScheduler'
2020-02-20 17:01:10,715 [main] INFO  o.s.w.s.s.s.WebSocketHandlerMapping - Mapped URL path [/websocket/**] onto handler of type [class org.springframework.web.socket.sockjs.support.SockJsHttpRequestHandler]
2020-02-20 17:01:10,732 [main] INFO  o.s.s.c.ThreadPoolTaskExecutor - Initializing ExecutorService  'brokerChannelExecutor'
2020-02-20 17:01:10,852 [main] INFO  o.s.w.s.m.WebSocketAnnotationMethodMessageHandler - Mapped "{[/hello],messageType=[MESSAGE]}" onto public java.lang.String com.mt.demo.client.websocket.WebsocketController.say(java.lang.String)
2020-02-20 17:01:10,936 [main] WARN  c.n.c.sources.URLConfigurationSource - No URLs will be polled as dynamic configuration sources.
2020-02-20 17:01:10,937 [main] INFO  c.n.c.sources.URLConfigurationSource - To enable URLs as dynamic configuration sources, define System property archaius.configurationSource.additionalUrls or make config.properties available on classpath.
2020-02-20 17:01:10,942 [main] WARN  c.n.c.sources.URLConfigurationSource - No URLs will be polled as dynamic configuration sources.
2020-02-20 17:01:10,942 [main] INFO  c.n.c.sources.URLConfigurationSource - To enable URLs as dynamic configuration sources, define System property archaius.configurationSource.additionalUrls or make config.properties available on classpath.
2020-02-20 17:01:11,029 [main] INFO  o.s.w.s.h.SimpleUrlHandlerMapping - Mapped URL path [/**/favicon.ico] onto handler of type [class org.springframework.web.servlet.resource.ResourceHttpRequestHandler]
2020-02-20 17:01:11,293 [main] INFO  o.s.w.s.m.m.a.RequestMappingHandlerAdapter - Looking for @ControllerAdvice: org.springframework.boot.web.servlet.context.AnnotationConfigServletWebServerApplicationContext@4f8caaf3: startup date [Thu Feb 20 17:01:08 CST 2020]; parent: org.springframework.context.annotation.AnnotationConfigApplicationContext@6f3c660a
2020-02-20 17:01:11,377 [main] INFO  o.s.w.s.m.m.a.RequestMappingHandlerMapping - Mapped "{[/demo/get],methods=[GET]}" onto public void com.mt.demo.client.controller.DemoController.get(java.lang.String,javax.servlet.http.HttpServletRequest)
2020-02-20 17:01:11,378 [main] INFO  o.s.w.s.m.m.a.RequestMappingHandlerMapping - Mapped "{[/demo/weight],methods=[GET]}" onto public java.lang.String com.mt.demo.client.controller.DemoController.weight(java.lang.String)
2020-02-20 17:01:11,378 [main] INFO  o.s.w.s.m.m.a.RequestMappingHandlerMapping - Mapped "{[/demo/post],methods=[POST]}" onto public com.alibaba.fastjson.JSONObject com.mt.demo.client.controller.DemoController.post(com.alibaba.fastjson.JSONObject)
2020-02-20 17:01:11,378 [main] INFO  o.s.w.s.m.m.a.RequestMappingHandlerMapping - Mapped "{[/demo/rate],methods=[GET]}" onto public void com.mt.demo.client.controller.DemoController.rate(int)
2020-02-20 17:01:11,379 [main] INFO  o.s.w.s.m.m.a.RequestMappingHandlerMapping - Mapped "{[/demo/demo/weight],methods=[GET]}" onto public java.lang.String com.mt.demo.client.controller.DemoController.demoWeight(java.lang.String)
2020-02-20 17:01:11,380 [main] INFO  o.s.w.s.m.m.a.RequestMappingHandlerMapping - Mapped "{[/websocket/reply],methods=[GET]}" onto public java.lang.String com.mt.demo.client.websocket.WebsocketController.msgReply(java.lang.String)
2020-02-20 17:01:11,383 [main] INFO  o.s.w.s.m.m.a.RequestMappingHandlerMapping - Mapped "{[/error]}" onto public org.springframework.http.ResponseEntity<java.util.Map<java.lang.String, java.lang.Object>> org.springframework.boot.autoconfigure.web.servlet.error.BasicErrorController.error(javax.servlet.http.HttpServletRequest)
2020-02-20 17:01:11,384 [main] INFO  o.s.w.s.m.m.a.RequestMappingHandlerMapping - Mapped "{[/error],produces=[text/html]}" onto public org.springframework.web.servlet.ModelAndView org.springframework.boot.autoconfigure.web.servlet.error.BasicErrorController.errorHtml(javax.servlet.http.HttpServletRequest,javax.servlet.http.HttpServletResponse)
2020-02-20 17:01:11,449 [main] INFO  o.s.w.s.h.SimpleUrlHandlerMapping - Mapped URL path [/webjars/**] onto handler of type [class org.springframework.web.servlet.resource.ResourceHttpRequestHandler]
2020-02-20 17:01:11,450 [main] INFO  o.s.w.s.h.SimpleUrlHandlerMapping - Mapped URL path [/**] onto handler of type [class org.springframework.web.servlet.resource.ResourceHttpRequestHandler]
2020-02-20 17:01:11,468 [main] DEBUG o.s.w.s.m.m.a.ExceptionHandlerExceptionResolver - Looking for exception mappings: org.springframework.boot.web.servlet.context.AnnotationConfigServletWebServerApplicationContext@4f8caaf3: startup date [Thu Feb 20 17:01:08 CST 2020]; parent: org.springframework.context.annotation.AnnotationConfigApplicationContext@6f3c660a
2020-02-20 17:01:11,527 [main] INFO  o.s.b.a.w.s.WelcomePageHandlerMapping - Adding welcome page: class path resource [public/index.html]
2020-02-20 17:01:12,599 [main] INFO  o.s.j.e.a.AnnotationMBeanExporter - Registering beans for JMX exposure on startup
2020-02-20 17:01:12,610 [main] INFO  o.s.j.e.a.AnnotationMBeanExporter - Bean with name 'configurationPropertiesRebinder' has been autodetected for JMX exposure
2020-02-20 17:01:12,611 [main] INFO  o.s.j.e.a.AnnotationMBeanExporter - Bean with name 'environmentManager' has been autodetected for JMX exposure
2020-02-20 17:01:12,611 [main] INFO  o.s.j.e.a.AnnotationMBeanExporter - Bean with name 'refreshScope' has been autodetected for JMX exposure
2020-02-20 17:01:12,615 [main] INFO  o.s.j.e.a.AnnotationMBeanExporter - Located managed bean 'environmentManager': registering with JMX server as MBean [org.springframework.cloud.context.environment:name=environmentManager,type=EnvironmentManager]
2020-02-20 17:01:12,628 [main] INFO  o.s.j.e.a.AnnotationMBeanExporter - Located managed bean 'refreshScope': registering with JMX server as MBean [org.springframework.cloud.context.scope.refresh:name=refreshScope,type=RefreshScope]
2020-02-20 17:01:12,639 [main] INFO  o.s.j.e.a.AnnotationMBeanExporter - Located managed bean 'configurationPropertiesRebinder': registering with JMX server as MBean [org.springframework.cloud.context.properties:name=configurationPropertiesRebinder,context=4f8caaf3,type=ConfigurationPropertiesRebinder]
2020-02-20 17:01:12,649 [main] INFO  o.s.c.s.DefaultLifecycleProcessor - Starting beans in phase 0
2020-02-20 17:01:12,664 [main] INFO  o.s.c.n.eureka.InstanceInfoFactory - Setting initial instance status as: STARTING
2020-02-20 17:01:12,712 [main] INFO  c.netflix.discovery.DiscoveryClient - Initializing Eureka in region us-east-1
2020-02-20 17:01:13,072 [main] INFO  c.n.d.p.DiscoveryJerseyProvider - Using JSON encoding codec LegacyJacksonJson
2020-02-20 17:01:13,073 [main] INFO  c.n.d.p.DiscoveryJerseyProvider - Using JSON decoding codec LegacyJacksonJson
2020-02-20 17:01:13,256 [main] INFO  c.n.d.p.DiscoveryJerseyProvider - Using XML encoding codec XStreamXml
2020-02-20 17:01:13,257 [main] INFO  c.n.d.p.DiscoveryJerseyProvider - Using XML decoding codec XStreamXml
2020-02-20 17:01:13,585 [main] INFO  c.n.d.s.r.aws.ConfigClusterResolver - Resolving eureka endpoints via configuration
2020-02-20 17:01:13,687 [main] INFO  c.netflix.discovery.DiscoveryClient - Disable delta property : false
2020-02-20 17:01:13,687 [main] INFO  c.netflix.discovery.DiscoveryClient - Single vip registry refresh property : null
2020-02-20 17:01:13,687 [main] INFO  c.netflix.discovery.DiscoveryClient - Force full registry fetch : false
2020-02-20 17:01:13,687 [main] INFO  c.netflix.discovery.DiscoveryClient - Application is null : false
2020-02-20 17:01:13,687 [main] INFO  c.netflix.discovery.DiscoveryClient - Registered Applications size is zero : true
2020-02-20 17:01:13,687 [main] INFO  c.netflix.discovery.DiscoveryClient - Application version is -1: true
2020-02-20 17:01:13,688 [main] INFO  c.netflix.discovery.DiscoveryClient - Getting all instance registry info from the eureka server
2020-02-20 17:01:13,887 [main] INFO  c.netflix.discovery.DiscoveryClient - The response status is 200
2020-02-20 17:01:13,891 [main] INFO  c.netflix.discovery.DiscoveryClient - Starting heartbeat executor: renew interval is: 35
2020-02-20 17:01:13,894 [main] INFO  c.n.discovery.InstanceInfoReplicator - InstanceInfoReplicator onDemand update allowed rate per min is 4
2020-02-20 17:01:13,899 [main] INFO  c.netflix.discovery.DiscoveryClient - Discovery Client initialized at timestamp 1582189273897 with initial instances count: 3
2020-02-20 17:01:13,905 [main] INFO  o.s.c.n.e.s.EurekaServiceRegistry - Registering application SPRING-CLOUD-WEBSOCKET-CLIENT with eureka with status UP
2020-02-20 17:01:13,906 [main] INFO  c.netflix.discovery.DiscoveryClient - Saw local status change event StatusChangeEvent [timestamp=1582189273906, current=UP, previous=STARTING]
2020-02-20 17:01:13,907 [DiscoveryClient-InstanceInfoReplicator-0] INFO  c.netflix.discovery.DiscoveryClient - DiscoveryClient_SPRING-CLOUD-WEBSOCKET-CLIENT/spring-cloud-websocket-client:8801: registering service...
2020-02-20 17:01:13,912 [main] INFO  o.s.c.s.DefaultLifecycleProcessor - Starting beans in phase 2147483647
2020-02-20 17:01:13,913 [main] INFO  o.s.m.s.b.SimpleBrokerMessageHandler - Starting...
2020-02-20 17:01:13,914 [main] INFO  o.s.m.s.b.SimpleBrokerMessageHandler - BrokerAvailabilityEvent[available=true, SimpleBrokerMessageHandler [DefaultSubscriptionRegistry[cache[0 destination(s)], registry[0 sessions]]]]
2020-02-20 17:01:13,915 [main] INFO  o.s.m.s.b.SimpleBrokerMessageHandler - Started.
2020-02-20 17:01:13,927 [main] INFO  o.a.coyote.http11.Http11NioProtocol - Starting ProtocolHandler ["http-nio-8801"]
2020-02-20 17:01:13,940 [main] INFO  o.a.tomcat.util.net.NioSelectorPool - Using a shared selector for servlet write/read
2020-02-20 17:01:13,951 [DiscoveryClient-InstanceInfoReplicator-0] INFO  c.netflix.discovery.DiscoveryClient - DiscoveryClient_SPRING-CLOUD-WEBSOCKET-CLIENT/spring-cloud-websocket-client:8801 - registration status: 204
2020-02-20 17:01:13,958 [main] INFO  o.s.b.w.e.tomcat.TomcatWebServer - Tomcat started on port(s): 8801 (http) with context path ''
2020-02-20 17:01:13,960 [main] INFO  o.s.c.n.e.s.EurekaAutoServiceRegistration - Updating port to 8801
2020-02-20 17:01:13,962 [main] INFO  c.m.d.c.SpringCloudClientDemoApplication - Started SpringCloudClientDemoApplication in 7.094 seconds (JVM running for 8.38)
2020-02-20 17:01:48,902 [DiscoveryClient-HeartbeatExecutor-0] INFO  c.netflix.discovery.DiscoveryClient - DiscoveryClient_SPRING-CLOUD-WEBSOCKET-CLIENT/spring-cloud-websocket-client:8801 - Re-registering apps/SPRING-CLOUD-WEBSOCKET-CLIENT
2020-02-20 17:01:48,902 [DiscoveryClient-HeartbeatExecutor-0] INFO  c.netflix.discovery.DiscoveryClient - DiscoveryClient_SPRING-CLOUD-WEBSOCKET-CLIENT/spring-cloud-websocket-client:8801: registering service...
2020-02-20 17:01:48,908 [DiscoveryClient-HeartbeatExecutor-0] INFO  c.netflix.discovery.DiscoveryClient - DiscoveryClient_SPRING-CLOUD-WEBSOCKET-CLIENT/spring-cloud-websocket-client:8801 - registration status: 204
2020-02-20 17:02:05,762 [http-nio-8801-exec-3] INFO  o.a.c.c.C.[Tomcat].[localhost].[/] - Initializing Spring FrameworkServlet 'dispatcherServlet'
2020-02-20 17:02:05,763 [http-nio-8801-exec-3] INFO  o.s.web.servlet.DispatcherServlet - FrameworkServlet 'dispatcherServlet': initialization started
2020-02-20 17:02:05,787 [http-nio-8801-exec-3] INFO  o.s.web.servlet.DispatcherServlet - FrameworkServlet 'dispatcherServlet': initialization completed in 24 ms
2020-02-20 17:02:10,730 [MessageBroker-1] INFO  o.s.w.s.c.WebSocketMessageBrokerStats - WebSocketSession[0 current WS(0)-HttpStream(0)-HttpPoll(0), 0 total, 0 closed abnormally (0 connect failure, 0 send limit, 0 transport error)], stompSubProtocol[processed CONNECT(0)-CONNECTED(0)-DISCONNECT(0)], stompBrokerRelay[null], inboundChannel[pool size = 0, active threads = 0, queued tasks = 0, completed tasks = 0], outboundChannelpool size = 0, active threads = 0, queued tasks = 0, completed tasks = 0], sockJsScheduler[pool size = 1, active threads = 1, queued tasks = 0, completed tasks = 0]
2020-02-20 17:02:26,141 [DiscoveryClient-HeartbeatExecutor-0] ERROR c.n.d.s.t.d.RedirectingEurekaHttpClient - Request execution error
com.sun.jersey.api.client.ClientHandlerException: java.net.ConnectException: Connection refused: connect
	at com.sun.jersey.client.apache4.ApacheHttpClient4Handler.handle(ApacheHttpClient4Handler.java:187)
	at com.sun.jersey.api.client.filter.GZIPContentEncodingFilter.handle(GZIPContentEncodingFilter.java:123)
	at com.netflix.discovery.EurekaIdentityHeaderFilter.handle(EurekaIdentityHeaderFilter.java:27)
	at com.sun.jersey.api.client.Client.handle(Client.java:652)
	at com.sun.jersey.api.client.WebResource.handle(WebResource.java:682)
	at com.sun.jersey.api.client.WebResource.access$200(WebResource.java:74)
	at com.sun.jersey.api.client.WebResource$Builder.put(WebResource.java:529)
	at com.netflix.discovery.shared.transport.jersey.AbstractJerseyEurekaHttpClient.sendHeartBeat(AbstractJerseyEurekaHttpClient.java:102)
	at com.netflix.discovery.shared.transport.decorator.EurekaHttpClientDecorator$3.execute(EurekaHttpClientDecorator.java:92)
	at com.netflix.discovery.shared.transport.decorator.MetricsCollectingEurekaHttpClient.execute(MetricsCollectingEurekaHttpClient.java:73)
	at com.netflix.discovery.shared.transport.decorator.EurekaHttpClientDecorator.sendHeartBeat(EurekaHttpClientDecorator.java:89)
	at com.netflix.discovery.shared.transport.decorator.EurekaHttpClientDecorator$3.execute(EurekaHttpClientDecorator.java:92)
	at com.netflix.discovery.shared.transport.decorator.RedirectingEurekaHttpClient.execute(RedirectingEurekaHttpClient.java:89)
	at com.netflix.discovery.shared.transport.decorator.EurekaHttpClientDecorator.sendHeartBeat(EurekaHttpClientDecorator.java:89)
	at com.netflix.discovery.shared.transport.decorator.EurekaHttpClientDecorator$3.execute(EurekaHttpClientDecorator.java:92)
	at com.netflix.discovery.shared.transport.decorator.RetryableEurekaHttpClient.execute(RetryableEurekaHttpClient.java:120)
	at com.netflix.discovery.shared.transport.decorator.EurekaHttpClientDecorator.sendHeartBeat(EurekaHttpClientDecorator.java:89)
	at com.netflix.discovery.shared.transport.decorator.EurekaHttpClientDecorator$3.execute(EurekaHttpClientDecorator.java:92)
	at com.netflix.discovery.shared.transport.decorator.SessionedEurekaHttpClient.execute(SessionedEurekaHttpClient.java:77)
	at com.netflix.discovery.shared.transport.decorator.EurekaHttpClientDecorator.sendHeartBeat(EurekaHttpClientDecorator.java:89)
	at com.netflix.discovery.DiscoveryClient.renew(DiscoveryClient.java:846)
	at com.netflix.discovery.DiscoveryClient$HeartbeatThread.run(DiscoveryClient.java:1399)
	at java.util.concurrent.Executors$RunnableAdapter.call(Executors.java:511)
	at java.util.concurrent.FutureTask.run$$$capture(FutureTask.java:266)
	at java.util.concurrent.FutureTask.run(FutureTask.java)
	at java.util.concurrent.ThreadPoolExecutor.runWorker(ThreadPoolExecutor.java:1142)
	at java.util.concurrent.ThreadPoolExecutor$Worker.run(ThreadPoolExecutor.java:617)
	at java.lang.Thread.run(Thread.java:748)
Caused by: java.net.ConnectException: Connection refused: connect
	at java.net.DualStackPlainSocketImpl.waitForConnect(Native Method)
	at java.net.DualStackPlainSocketImpl.socketConnect(DualStackPlainSocketImpl.java:85)
	at java.net.AbstractPlainSocketImpl.doConnect(AbstractPlainSocketImpl.java:350)
	at java.net.AbstractPlainSocketImpl.connectToAddress(AbstractPlainSocketImpl.java:206)
	at java.net.AbstractPlainSocketImpl.connect(AbstractPlainSocketImpl.java:188)
	at java.net.PlainSocketImpl.connect(PlainSocketImpl.java:172)
	at java.net.SocksSocketImpl.connect(SocksSocketImpl.java:392)
	at java.net.Socket.connect(Socket.java:589)
	at org.apache.http.conn.scheme.PlainSocketFactory.connectSocket(PlainSocketFactory.java:121)
	at org.apache.http.impl.conn.DefaultClientConnectionOperator.openConnection(DefaultClientConnectionOperator.java:180)
	at org.apache.http.impl.conn.AbstractPoolEntry.open(AbstractPoolEntry.java:144)
	at org.apache.http.impl.conn.AbstractPooledConnAdapter.open(AbstractPooledConnAdapter.java:134)
	at org.apache.http.impl.client.DefaultRequestDirector.tryConnect(DefaultRequestDirector.java:610)
	at org.apache.http.impl.client.DefaultRequestDirector.execute(DefaultRequestDirector.java:445)
	at org.apache.http.impl.client.AbstractHttpClient.doExecute(AbstractHttpClient.java:835)
	at org.apache.http.impl.client.CloseableHttpClient.execute(CloseableHttpClient.java:118)
	at org.apache.http.impl.client.CloseableHttpClient.execute(CloseableHttpClient.java:56)
	at com.sun.jersey.client.apache4.ApacheHttpClient4Handler.handle(ApacheHttpClient4Handler.java:173)
	... 27 common frames omitted
2020-02-20 17:02:26,142 [DiscoveryClient-HeartbeatExecutor-0] WARN  c.n.d.s.t.d.RetryableEurekaHttpClient - Request execution failed with message: java.net.ConnectException: Connection refused: connect
2020-02-20 17:02:28,221 [DiscoveryClient-HeartbeatExecutor-0] ERROR c.n.d.s.t.d.RedirectingEurekaHttpClient - Request execution error
com.sun.jersey.api.client.ClientHandlerException: java.net.ConnectException: Connection refused: connect
	at com.sun.jersey.client.apache4.ApacheHttpClient4Handler.handle(ApacheHttpClient4Handler.java:187)
	at com.sun.jersey.api.client.filter.GZIPContentEncodingFilter.handle(GZIPContentEncodingFilter.java:123)
	at com.netflix.discovery.EurekaIdentityHeaderFilter.handle(EurekaIdentityHeaderFilter.java:27)
	at com.sun.jersey.api.client.Client.handle(Client.java:652)
	at com.sun.jersey.api.client.WebResource.handle(WebResource.java:682)
	at com.sun.jersey.api.client.WebResource.access$200(WebResource.java:74)
	at com.sun.jersey.api.client.WebResource$Builder.put(WebResource.java:529)
	at com.netflix.discovery.shared.transport.jersey.AbstractJerseyEurekaHttpClient.sendHeartBeat(AbstractJerseyEurekaHttpClient.java:102)
	at com.netflix.discovery.shared.transport.decorator.EurekaHttpClientDecorator$3.execute(EurekaHttpClientDecorator.java:92)
	at com.netflix.discovery.shared.transport.decorator.MetricsCollectingEurekaHttpClient.execute(MetricsCollectingEurekaHttpClient.java:73)
	at com.netflix.discovery.shared.transport.decorator.EurekaHttpClientDecorator.sendHeartBeat(EurekaHttpClientDecorator.java:89)
	at com.netflix.discovery.shared.transport.decorator.EurekaHttpClientDecorator$3.execute(EurekaHttpClientDecorator.java:92)
	at com.netflix.discovery.shared.transport.decorator.RedirectingEurekaHttpClient.executeOnNewServer(RedirectingEurekaHttpClient.java:118)
	at com.netflix.discovery.shared.transport.decorator.RedirectingEurekaHttpClient.execute(RedirectingEurekaHttpClient.java:79)
	at com.netflix.discovery.shared.transport.decorator.EurekaHttpClientDecorator.sendHeartBeat(EurekaHttpClientDecorator.java:89)
	at com.netflix.discovery.shared.transport.decorator.EurekaHttpClientDecorator$3.execute(EurekaHttpClientDecorator.java:92)
	at com.netflix.discovery.shared.transport.decorator.RetryableEurekaHttpClient.execute(RetryableEurekaHttpClient.java:120)
	at com.netflix.discovery.shared.transport.decorator.EurekaHttpClientDecorator.sendHeartBeat(EurekaHttpClientDecorator.java:89)
	at com.netflix.discovery.shared.transport.decorator.EurekaHttpClientDecorator$3.execute(EurekaHttpClientDecorator.java:92)
	at com.netflix.discovery.shared.transport.decorator.SessionedEurekaHttpClient.execute(SessionedEurekaHttpClient.java:77)
	at com.netflix.discovery.shared.transport.decorator.EurekaHttpClientDecorator.sendHeartBeat(EurekaHttpClientDecorator.java:89)
	at com.netflix.discovery.DiscoveryClient.renew(DiscoveryClient.java:846)
	at com.netflix.discovery.DiscoveryClient$HeartbeatThread.run(DiscoveryClient.java:1399)
	at java.util.concurrent.Executors$RunnableAdapter.call(Executors.java:511)
	at java.util.concurrent.FutureTask.run$$$capture(FutureTask.java:266)
	at java.util.concurrent.FutureTask.run(FutureTask.java)
	at java.util.concurrent.ThreadPoolExecutor.runWorker(ThreadPoolExecutor.java:1142)
	at java.util.concurrent.ThreadPoolExecutor$Worker.run(ThreadPoolExecutor.java:617)
	at java.lang.Thread.run(Thread.java:748)
Caused by: java.net.ConnectException: Connection refused: connect
	at java.net.DualStackPlainSocketImpl.waitForConnect(Native Method)
	at java.net.DualStackPlainSocketImpl.socketConnect(DualStackPlainSocketImpl.java:85)
	at java.net.AbstractPlainSocketImpl.doConnect(AbstractPlainSocketImpl.java:350)
	at java.net.AbstractPlainSocketImpl.connectToAddress(AbstractPlainSocketImpl.java:206)
	at java.net.AbstractPlainSocketImpl.connect(AbstractPlainSocketImpl.java:188)
	at java.net.PlainSocketImpl.connect(PlainSocketImpl.java:172)
	at java.net.SocksSocketImpl.connect(SocksSocketImpl.java:392)
	at java.net.Socket.connect(Socket.java:589)
	at org.apache.http.conn.scheme.PlainSocketFactory.connectSocket(PlainSocketFactory.java:121)
	at org.apache.http.impl.conn.DefaultClientConnectionOperator.openConnection(DefaultClientConnectionOperator.java:180)
	at org.apache.http.impl.conn.AbstractPoolEntry.open(AbstractPoolEntry.java:144)
	at org.apache.http.impl.conn.AbstractPooledConnAdapter.open(AbstractPooledConnAdapter.java:134)
	at org.apache.http.impl.client.DefaultRequestDirector.tryConnect(DefaultRequestDirector.java:610)
	at org.apache.http.impl.client.DefaultRequestDirector.execute(DefaultRequestDirector.java:445)
	at org.apache.http.impl.client.AbstractHttpClient.doExecute(AbstractHttpClient.java:835)
	at org.apache.http.impl.client.CloseableHttpClient.execute(CloseableHttpClient.java:118)
	at org.apache.http.impl.client.CloseableHttpClient.execute(CloseableHttpClient.java:56)
	at com.sun.jersey.client.apache4.ApacheHttpClient4Handler.handle(ApacheHttpClient4Handler.java:173)
	... 28 common frames omitted
2020-02-20 17:02:28,221 [DiscoveryClient-HeartbeatExecutor-0] WARN  c.n.d.s.t.d.RetryableEurekaHttpClient - Request execution failed with message: java.net.ConnectException: Connection refused: connect
2020-02-20 17:02:28,223 [DiscoveryClient-HeartbeatExecutor-0] ERROR c.netflix.discovery.DiscoveryClient - DiscoveryClient_SPRING-CLOUD-WEBSOCKET-CLIENT/spring-cloud-websocket-client:8801 - was unable to send heartbeat!
com.netflix.discovery.shared.transport.TransportException: Cannot execute request on any known server
	at com.netflix.discovery.shared.transport.decorator.RetryableEurekaHttpClient.execute(RetryableEurekaHttpClient.java:112)
	at com.netflix.discovery.shared.transport.decorator.EurekaHttpClientDecorator.sendHeartBeat(EurekaHttpClientDecorator.java:89)
	at com.netflix.discovery.shared.transport.decorator.EurekaHttpClientDecorator$3.execute(EurekaHttpClientDecorator.java:92)
	at com.netflix.discovery.shared.transport.decorator.SessionedEurekaHttpClient.execute(SessionedEurekaHttpClient.java:77)
	at com.netflix.discovery.shared.transport.decorator.EurekaHttpClientDecorator.sendHeartBeat(EurekaHttpClientDecorator.java:89)
	at com.netflix.discovery.DiscoveryClient.renew(DiscoveryClient.java:846)
	at com.netflix.discovery.DiscoveryClient$HeartbeatThread.run(DiscoveryClient.java:1399)
	at java.util.concurrent.Executors$RunnableAdapter.call(Executors.java:511)
	at java.util.concurrent.FutureTask.run$$$capture(FutureTask.java:266)
	at java.util.concurrent.FutureTask.run(FutureTask.java)
	at java.util.concurrent.ThreadPoolExecutor.runWorker(ThreadPoolExecutor.java:1142)
	at java.util.concurrent.ThreadPoolExecutor$Worker.run(ThreadPoolExecutor.java:617)
	at java.lang.Thread.run(Thread.java:748)
2020-02-20 17:02:50,902 [Thread-20] INFO  o.s.b.w.s.c.AnnotationConfigServletWebServerApplicationContext - Closing org.springframework.boot.web.servlet.context.AnnotationConfigServletWebServerApplicationContext@4f8caaf3: startup date [Thu Feb 20 17:01:08 CST 2020]; parent: org.springframework.context.annotation.AnnotationConfigApplicationContext@6f3c660a
2020-02-20 17:02:50,904 [Thread-20] INFO  o.s.c.n.e.s.EurekaServiceRegistry - Unregistering application SPRING-CLOUD-WEBSOCKET-CLIENT with eureka with status DOWN
2020-02-20 17:02:50,904 [Thread-20] WARN  c.netflix.discovery.DiscoveryClient - Saw local status change event StatusChangeEvent [timestamp=1582189370904, current=DOWN, previous=UP]
2020-02-20 17:02:50,904 [DiscoveryClient-InstanceInfoReplicator-0] INFO  c.netflix.discovery.DiscoveryClient - DiscoveryClient_SPRING-CLOUD-WEBSOCKET-CLIENT/spring-cloud-websocket-client:8801: registering service...
2020-02-20 17:02:50,906 [Thread-20] INFO  o.s.c.s.DefaultLifecycleProcessor - Stopping beans in phase 2147483647
2020-02-20 17:02:50,906 [Thread-20] INFO  o.s.m.s.b.SimpleBrokerMessageHandler - Stopping...
2020-02-20 17:02:50,907 [Thread-20] INFO  o.s.m.s.b.SimpleBrokerMessageHandler - BrokerAvailabilityEvent[available=false, SimpleBrokerMessageHandler [DefaultSubscriptionRegistry[cache[0 destination(s)], registry[0 sessions]]]]
2020-02-20 17:02:50,907 [Thread-20] INFO  o.s.m.s.b.SimpleBrokerMessageHandler - Stopped.
2020-02-20 17:02:50,907 [Thread-20] INFO  o.s.c.s.DefaultLifecycleProcessor - Stopping beans in phase 0
2020-02-20 17:02:50,911 [Thread-20] INFO  o.s.j.e.a.AnnotationMBeanExporter - Unregistering JMX-exposed beans on shutdown
2020-02-20 17:02:50,912 [Thread-20] INFO  o.s.j.e.a.AnnotationMBeanExporter - Unregistering JMX-exposed beans
2020-02-20 17:02:50,913 [DiscoveryClient-InstanceInfoReplicator-0] INFO  c.netflix.discovery.DiscoveryClient - DiscoveryClient_SPRING-CLOUD-WEBSOCKET-CLIENT/spring-cloud-websocket-client:8801 - registration status: 204
2020-02-20 17:02:50,916 [Thread-20] INFO  o.s.s.c.ThreadPoolTaskExecutor - Shutting down ExecutorService 'brokerChannelExecutor'
2020-02-20 17:02:50,916 [Thread-20] INFO  o.s.s.c.ThreadPoolTaskScheduler - Shutting down ExecutorService 'messageBrokerTaskScheduler'
2020-02-20 17:02:50,917 [Thread-20] INFO  o.s.s.c.ThreadPoolTaskExecutor - Shutting down ExecutorService 'clientOutboundChannelExecutor'
2020-02-20 17:02:50,917 [Thread-20] INFO  o.s.s.c.ThreadPoolTaskExecutor - Shutting down ExecutorService 'clientInboundChannelExecutor'
2020-02-20 17:02:50,917 [Thread-20] INFO  c.netflix.discovery.DiscoveryClient - Shutting down DiscoveryClient ...
2020-02-20 17:02:53,919 [Thread-20] INFO  c.netflix.discovery.DiscoveryClient - Unregistering ...
2020-02-20 17:02:53,929 [Thread-20] INFO  c.netflix.discovery.DiscoveryClient - DiscoveryClient_SPRING-CLOUD-WEBSOCKET-CLIENT/spring-cloud-websocket-client:8801 - deregister  status: 200
2020-02-20 17:02:53,939 [Thread-20] INFO  c.netflix.discovery.DiscoveryClient - Completed shut down of DiscoveryClient
2020-02-20 17:02:59,219 [main] INFO  o.s.c.a.AnnotationConfigApplicationContext - Refreshing org.springframework.context.annotation.AnnotationConfigApplicationContext@3568f9d2: startup date [Thu Feb 20 17:02:59 CST 2020]; root of context hierarchy
2020-02-20 17:02:59,865 [main] INFO  o.s.b.f.a.AutowiredAnnotationBeanPostProcessor - JSR-330 'javax.inject.Inject' annotation found and supported for autowiring
2020-02-20 17:02:59,947 [main] INFO  o.s.c.s.PostProcessorRegistrationDelegate$BeanPostProcessorChecker - Bean 'configurationPropertiesRebinderAutoConfiguration' of type [org.springframework.cloud.autoconfigure.ConfigurationPropertiesRebinderAutoConfiguration$$EnhancerBySpringCGLIB$$7f927ac9] is not eligible for getting processed by all BeanPostProcessors (for example: not eligible for auto-proxying)
2020-02-20 17:03:00,705 [main] INFO  c.m.d.c.SpringCloudClientDemoApplication - No active profile set, falling back to default profiles: default
2020-02-20 17:03:00,736 [main] INFO  o.s.b.w.s.c.AnnotationConfigServletWebServerApplicationContext - Refreshing org.springframework.boot.web.servlet.context.AnnotationConfigServletWebServerApplicationContext@23aae55: startup date [Thu Feb 20 17:03:00 CST 2020]; parent: org.springframework.context.annotation.AnnotationConfigApplicationContext@3568f9d2
2020-02-20 17:03:02,010 [main] INFO  o.s.cloud.context.scope.GenericScope - BeanFactory id=36964906-d1e6-396f-be34-bc5de25eb36b
2020-02-20 17:03:02,143 [main] INFO  o.s.b.f.a.AutowiredAnnotationBeanPostProcessor - JSR-330 'javax.inject.Inject' annotation found and supported for autowiring
2020-02-20 17:03:02,545 [main] INFO  o.s.c.s.PostProcessorRegistrationDelegate$BeanPostProcessorChecker - Bean 'org.springframework.cloud.autoconfigure.ConfigurationPropertiesRebinderAutoConfiguration' of type [org.springframework.cloud.autoconfigure.ConfigurationPropertiesRebinderAutoConfiguration$$EnhancerBySpringCGLIB$$7f927ac9] is not eligible for getting processed by all BeanPostProcessors (for example: not eligible for auto-proxying)
2020-02-20 17:03:03,500 [main] INFO  o.s.b.w.e.tomcat.TomcatWebServer - Tomcat initialized with port(s): 8801 (http)
2020-02-20 17:03:03,534 [main] INFO  o.a.coyote.http11.Http11NioProtocol - Initializing ProtocolHandler ["http-nio-8801"]
2020-02-20 17:03:03,568 [main] INFO  o.a.catalina.core.StandardService - Starting service [Tomcat]
2020-02-20 17:03:03,570 [main] INFO  o.a.catalina.core.StandardEngine - Starting Servlet Engine: Apache Tomcat/8.5.32
2020-02-20 17:03:03,589 [localhost-startStop-1] INFO  o.a.c.core.AprLifecycleListener - The APR based Apache Tomcat Native library which allows optimal performance in production environments was not found on the java.library.path: [C:\Program Files\Java\jdk1.8.0_131\bin;C:\Windows\Sun\Java\bin;C:\Windows\system32;C:\Windows;D:\software\xshell6\Xlpd 6\;C:\Program Files (x86)\NetSarang\Xshell Plus 6 Evaluation\Xftp 6\;D:\software\xshell6\Xshell 6\;D:\software\xshell6\Xmanager 6\;C:\ProgramData\Oracle\Java\javapath;C:\Windows\system32;C:\Windows;C:\Windows\System32\Wbem;C:\Windows\System32\WindowsPowerShell\v1.0\;C:\Windows\System32\OpenSSH\;C:\Program Files\Java\jdk1.8.0_131\bin;D:\software\apache-maven-3.6.3\bin;C:\Program Files\Intel\WiFi\bin\;C:\Program Files\Common Files\Intel\WirelessCommon\;D:\software\gradle-6.0.1\bin;D:\software\redis\;D:\software\erl9.0\bin;C:\Program Files\Git\cmd;D:\software\nodejs;D:\software\nodejs\node-global\;C:\Users\cgc\AppData\Local\Microsoft\WindowsApps;C:\Users\cgc\AppData\Local\BypassRuntm;D:\software\Docker Toolbox;D:\software\Fiddler;;.]
2020-02-20 17:03:03,896 [localhost-startStop-1] INFO  o.a.c.c.C.[Tomcat].[localhost].[/] - Initializing Spring embedded WebApplicationContext
2020-02-20 17:03:03,897 [localhost-startStop-1] INFO  o.s.web.context.ContextLoader - Root WebApplicationContext: initialization completed in 3162 ms
2020-02-20 17:03:04,100 [localhost-startStop-1] INFO  o.s.b.w.s.ServletRegistrationBean - Servlet dispatcherServlet mapped to [/]
2020-02-20 17:03:04,113 [localhost-startStop-1] INFO  o.s.b.w.s.FilterRegistrationBean - Mapping filter: 'characterEncodingFilter' to: [/*]
2020-02-20 17:03:04,114 [localhost-startStop-1] INFO  o.s.b.w.s.FilterRegistrationBean - Mapping filter: 'hiddenHttpMethodFilter' to: [/*]
2020-02-20 17:03:04,114 [localhost-startStop-1] INFO  o.s.b.w.s.FilterRegistrationBean - Mapping filter: 'httpPutFormContentFilter' to: [/*]
2020-02-20 17:03:04,115 [localhost-startStop-1] INFO  o.s.b.w.s.FilterRegistrationBean - Mapping filter: 'requestContextFilter' to: [/*]
2020-02-20 17:03:04,900 [main] INFO  o.s.s.c.ThreadPoolTaskExecutor - Initializing ExecutorService  'clientInboundChannelExecutor'
2020-02-20 17:03:04,934 [main] INFO  o.s.s.c.ThreadPoolTaskExecutor - Initializing ExecutorService  'clientOutboundChannelExecutor'
2020-02-20 17:03:05,015 [main] INFO  o.s.s.c.ThreadPoolTaskScheduler - Initializing ExecutorService  'messageBrokerTaskScheduler'
2020-02-20 17:03:05,090 [main] INFO  o.s.w.s.s.s.WebSocketHandlerMapping - Mapped URL path [/websocket/**] onto handler of type [class org.springframework.web.socket.sockjs.support.SockJsHttpRequestHandler]
2020-02-20 17:03:05,113 [main] INFO  o.s.s.c.ThreadPoolTaskExecutor - Initializing ExecutorService  'brokerChannelExecutor'
2020-02-20 17:03:05,276 [main] INFO  o.s.w.s.m.WebSocketAnnotationMethodMessageHandler - Mapped "{[/hello],messageType=[MESSAGE]}" onto public java.lang.String com.mt.demo.client.websocket.WebsocketController.say(java.lang.String)
2020-02-20 17:03:05,399 [main] WARN  c.n.c.sources.URLConfigurationSource - No URLs will be polled as dynamic configuration sources.
2020-02-20 17:03:05,399 [main] INFO  c.n.c.sources.URLConfigurationSource - To enable URLs as dynamic configuration sources, define System property archaius.configurationSource.additionalUrls or make config.properties available on classpath.
2020-02-20 17:03:05,406 [main] WARN  c.n.c.sources.URLConfigurationSource - No URLs will be polled as dynamic configuration sources.
2020-02-20 17:03:05,406 [main] INFO  c.n.c.sources.URLConfigurationSource - To enable URLs as dynamic configuration sources, define System property archaius.configurationSource.additionalUrls or make config.properties available on classpath.
2020-02-20 17:03:05,534 [main] INFO  o.s.w.s.h.SimpleUrlHandlerMapping - Mapped URL path [/**/favicon.ico] onto handler of type [class org.springframework.web.servlet.resource.ResourceHttpRequestHandler]
2020-02-20 17:03:05,829 [main] INFO  o.s.w.s.m.m.a.RequestMappingHandlerAdapter - Looking for @ControllerAdvice: org.springframework.boot.web.servlet.context.AnnotationConfigServletWebServerApplicationContext@23aae55: startup date [Thu Feb 20 17:03:00 CST 2020]; parent: org.springframework.context.annotation.AnnotationConfigApplicationContext@3568f9d2
2020-02-20 17:03:05,935 [main] INFO  o.s.w.s.m.m.a.RequestMappingHandlerMapping - Mapped "{[/demo/get],methods=[GET]}" onto public void com.mt.demo.client.controller.DemoController.get(java.lang.String,javax.servlet.http.HttpServletRequest)
2020-02-20 17:03:05,936 [main] INFO  o.s.w.s.m.m.a.RequestMappingHandlerMapping - Mapped "{[/demo/weight],methods=[GET]}" onto public java.lang.String com.mt.demo.client.controller.DemoController.weight(java.lang.String)
2020-02-20 17:03:05,937 [main] INFO  o.s.w.s.m.m.a.RequestMappingHandlerMapping - Mapped "{[/demo/post],methods=[POST]}" onto public com.alibaba.fastjson.JSONObject com.mt.demo.client.controller.DemoController.post(com.alibaba.fastjson.JSONObject)
2020-02-20 17:03:05,937 [main] INFO  o.s.w.s.m.m.a.RequestMappingHandlerMapping - Mapped "{[/demo/rate],methods=[GET]}" onto public void com.mt.demo.client.controller.DemoController.rate(int)
2020-02-20 17:03:05,937 [main] INFO  o.s.w.s.m.m.a.RequestMappingHandlerMapping - Mapped "{[/demo/demo/weight],methods=[GET]}" onto public java.lang.String com.mt.demo.client.controller.DemoController.demoWeight(java.lang.String)
2020-02-20 17:03:05,938 [main] INFO  o.s.w.s.m.m.a.RequestMappingHandlerMapping - Mapped "{[/websocket/reply],methods=[GET]}" onto public java.lang.String com.mt.demo.client.websocket.WebsocketController.msgReply(java.lang.String)
2020-02-20 17:03:05,942 [main] INFO  o.s.w.s.m.m.a.RequestMappingHandlerMapping - Mapped "{[/error]}" onto public org.springframework.http.ResponseEntity<java.util.Map<java.lang.String, java.lang.Object>> org.springframework.boot.autoconfigure.web.servlet.error.BasicErrorController.error(javax.servlet.http.HttpServletRequest)
2020-02-20 17:03:05,943 [main] INFO  o.s.w.s.m.m.a.RequestMappingHandlerMapping - Mapped "{[/error],produces=[text/html]}" onto public org.springframework.web.servlet.ModelAndView org.springframework.boot.autoconfigure.web.servlet.error.BasicErrorController.errorHtml(javax.servlet.http.HttpServletRequest,javax.servlet.http.HttpServletResponse)
2020-02-20 17:03:06,028 [main] INFO  o.s.w.s.h.SimpleUrlHandlerMapping - Mapped URL path [/webjars/**] onto handler of type [class org.springframework.web.servlet.resource.ResourceHttpRequestHandler]
2020-02-20 17:03:06,029 [main] INFO  o.s.w.s.h.SimpleUrlHandlerMapping - Mapped URL path [/**] onto handler of type [class org.springframework.web.servlet.resource.ResourceHttpRequestHandler]
2020-02-20 17:03:06,053 [main] DEBUG o.s.w.s.m.m.a.ExceptionHandlerExceptionResolver - Looking for exception mappings: org.springframework.boot.web.servlet.context.AnnotationConfigServletWebServerApplicationContext@23aae55: startup date [Thu Feb 20 17:03:00 CST 2020]; parent: org.springframework.context.annotation.AnnotationConfigApplicationContext@3568f9d2
2020-02-20 17:03:06,134 [main] INFO  o.s.b.a.w.s.WelcomePageHandlerMapping - Adding welcome page: class path resource [public/index.html]
2020-02-20 17:03:07,399 [main] INFO  o.s.j.e.a.AnnotationMBeanExporter - Registering beans for JMX exposure on startup
2020-02-20 17:03:07,414 [main] INFO  o.s.j.e.a.AnnotationMBeanExporter - Bean with name 'configurationPropertiesRebinder' has been autodetected for JMX exposure
2020-02-20 17:03:07,415 [main] INFO  o.s.j.e.a.AnnotationMBeanExporter - Bean with name 'environmentManager' has been autodetected for JMX exposure
2020-02-20 17:03:07,416 [main] INFO  o.s.j.e.a.AnnotationMBeanExporter - Bean with name 'refreshScope' has been autodetected for JMX exposure
2020-02-20 17:03:07,420 [main] INFO  o.s.j.e.a.AnnotationMBeanExporter - Located managed bean 'environmentManager': registering with JMX server as MBean [org.springframework.cloud.context.environment:name=environmentManager,type=EnvironmentManager]
2020-02-20 17:03:07,439 [main] INFO  o.s.j.e.a.AnnotationMBeanExporter - Located managed bean 'refreshScope': registering with JMX server as MBean [org.springframework.cloud.context.scope.refresh:name=refreshScope,type=RefreshScope]
2020-02-20 17:03:07,458 [main] INFO  o.s.j.e.a.AnnotationMBeanExporter - Located managed bean 'configurationPropertiesRebinder': registering with JMX server as MBean [org.springframework.cloud.context.properties:name=configurationPropertiesRebinder,context=23aae55,type=ConfigurationPropertiesRebinder]
2020-02-20 17:03:07,473 [main] INFO  o.s.c.s.DefaultLifecycleProcessor - Starting beans in phase 0
2020-02-20 17:03:07,498 [main] INFO  o.s.c.n.eureka.InstanceInfoFactory - Setting initial instance status as: STARTING
2020-02-20 17:03:07,555 [main] INFO  c.netflix.discovery.DiscoveryClient - Initializing Eureka in region us-east-1
2020-02-20 17:03:07,947 [main] INFO  c.n.d.p.DiscoveryJerseyProvider - Using JSON encoding codec LegacyJacksonJson
2020-02-20 17:03:07,947 [main] INFO  c.n.d.p.DiscoveryJerseyProvider - Using JSON decoding codec LegacyJacksonJson
2020-02-20 17:03:08,117 [main] INFO  c.n.d.p.DiscoveryJerseyProvider - Using XML encoding codec XStreamXml
2020-02-20 17:03:08,117 [main] INFO  c.n.d.p.DiscoveryJerseyProvider - Using XML decoding codec XStreamXml
2020-02-20 17:03:08,536 [main] INFO  c.n.d.s.r.aws.ConfigClusterResolver - Resolving eureka endpoints via configuration
2020-02-20 17:03:08,661 [main] INFO  c.netflix.discovery.DiscoveryClient - Disable delta property : false
2020-02-20 17:03:08,661 [main] INFO  c.netflix.discovery.DiscoveryClient - Single vip registry refresh property : null
2020-02-20 17:03:08,661 [main] INFO  c.netflix.discovery.DiscoveryClient - Force full registry fetch : false
2020-02-20 17:03:08,661 [main] INFO  c.netflix.discovery.DiscoveryClient - Application is null : false
2020-02-20 17:03:08,661 [main] INFO  c.netflix.discovery.DiscoveryClient - Registered Applications size is zero : true
2020-02-20 17:03:08,661 [main] INFO  c.netflix.discovery.DiscoveryClient - Application version is -1: true
2020-02-20 17:03:08,662 [main] INFO  c.netflix.discovery.DiscoveryClient - Getting all instance registry info from the eureka server
2020-02-20 17:03:09,045 [main] INFO  c.netflix.discovery.DiscoveryClient - The response status is 200
2020-02-20 17:03:09,049 [main] INFO  c.netflix.discovery.DiscoveryClient - Starting heartbeat executor: renew interval is: 35
2020-02-20 17:03:09,056 [main] INFO  c.n.discovery.InstanceInfoReplicator - InstanceInfoReplicator onDemand update allowed rate per min is 4
2020-02-20 17:03:09,061 [main] INFO  c.netflix.discovery.DiscoveryClient - Discovery Client initialized at timestamp 1582189389059 with initial instances count: 1
2020-02-20 17:03:09,072 [main] INFO  o.s.c.n.e.s.EurekaServiceRegistry - Registering application SPRING-CLOUD-WEBSOCKET-CLIENT with eureka with status UP
2020-02-20 17:03:09,073 [main] INFO  c.netflix.discovery.DiscoveryClient - Saw local status change event StatusChangeEvent [timestamp=1582189389073, current=UP, previous=STARTING]
2020-02-20 17:03:09,075 [DiscoveryClient-InstanceInfoReplicator-0] INFO  c.netflix.discovery.DiscoveryClient - DiscoveryClient_SPRING-CLOUD-WEBSOCKET-CLIENT/spring-cloud-websocket-client:8801: registering service...
2020-02-20 17:03:09,082 [main] INFO  o.s.c.s.DefaultLifecycleProcessor - Starting beans in phase 2147483647
2020-02-20 17:03:09,084 [main] INFO  o.s.m.s.b.SimpleBrokerMessageHandler - Starting...
2020-02-20 17:03:09,085 [main] INFO  o.s.m.s.b.SimpleBrokerMessageHandler - BrokerAvailabilityEvent[available=true, SimpleBrokerMessageHandler [DefaultSubscriptionRegistry[cache[0 destination(s)], registry[0 sessions]]]]
2020-02-20 17:03:09,087 [main] INFO  o.s.m.s.b.SimpleBrokerMessageHandler - Started.
2020-02-20 17:03:09,108 [main] INFO  o.a.coyote.http11.Http11NioProtocol - Starting ProtocolHandler ["http-nio-8801"]
2020-02-20 17:03:09,140 [main] INFO  o.a.tomcat.util.net.NioSelectorPool - Using a shared selector for servlet write/read
2020-02-20 17:03:09,199 [DiscoveryClient-InstanceInfoReplicator-0] INFO  c.netflix.discovery.DiscoveryClient - DiscoveryClient_SPRING-CLOUD-WEBSOCKET-CLIENT/spring-cloud-websocket-client:8801 - registration status: 204
2020-02-20 17:03:09,223 [main] INFO  o.s.b.w.e.tomcat.TomcatWebServer - Tomcat started on port(s): 8801 (http) with context path ''
2020-02-20 17:03:09,225 [main] INFO  o.s.c.n.e.s.EurekaAutoServiceRegistration - Updating port to 8801
2020-02-20 17:03:09,232 [main] INFO  c.m.d.c.SpringCloudClientDemoApplication - Started SpringCloudClientDemoApplication in 11.441 seconds (JVM running for 12.868)
2020-02-20 17:04:05,110 [MessageBroker-1] INFO  o.s.w.s.c.WebSocketMessageBrokerStats - WebSocketSession[0 current WS(0)-HttpStream(0)-HttpPoll(0), 0 total, 0 closed abnormally (0 connect failure, 0 send limit, 0 transport error)], stompSubProtocol[processed CONNECT(0)-CONNECTED(0)-DISCONNECT(0)], stompBrokerRelay[null], inboundChannel[pool size = 0, active threads = 0, queued tasks = 0, completed tasks = 0], outboundChannelpool size = 0, active threads = 0, queued tasks = 0, completed tasks = 0], sockJsScheduler[pool size = 1, active threads = 1, queued tasks = 0, completed tasks = 0]
2020-02-20 17:04:07,053 [http-nio-8801-exec-4] INFO  o.a.c.c.C.[Tomcat].[localhost].[/] - Initializing Spring FrameworkServlet 'dispatcherServlet'
2020-02-20 17:04:07,054 [http-nio-8801-exec-4] INFO  o.s.web.servlet.DispatcherServlet - FrameworkServlet 'dispatcherServlet': initialization started
2020-02-20 17:04:07,077 [http-nio-8801-exec-4] INFO  o.s.web.servlet.DispatcherServlet - FrameworkServlet 'dispatcherServlet': initialization completed in 23 ms
2020-02-20 17:04:13,339 [clientInboundChannel-7] INFO  c.m.d.c.w.WebsocketController - websocket msg: {"name":"kkkkh"}
2020-02-20 17:04:20,374 [http-nio-8801-exec-8] INFO  c.m.d.c.w.WebsocketController - websocket reply: qqqq
2020-02-20 17:04:30,133 [clientInboundChannel-10] INFO  c.m.d.c.w.WebsocketController - websocket msg: {"name":"88888"}
2020-02-20 17:04:37,540 [http-nio-8801-exec-1] INFO  c.m.d.c.w.WebsocketController - websocket reply: qqqq
2020-02-20 17:04:43,694 [clientInboundChannel-7] INFO  c.m.d.c.w.WebsocketController - websocket msg: {"name":"88888"}
2020-02-20 17:04:46,264 [http-nio-8801-exec-4] INFO  c.m.d.c.w.WebsocketController - websocket reply: qqqq
2020-02-20 17:04:49,998 [clientInboundChannel-10] INFO  c.m.d.c.w.WebsocketController - websocket msg: {"name":"88888"}
2020-02-20 17:04:50,252 [clientInboundChannel-14] INFO  c.m.d.c.w.WebsocketController - websocket msg: {"name":"88888"}
2020-02-20 17:04:50,389 [clientInboundChannel-16] INFO  c.m.d.c.w.WebsocketController - websocket msg: {"name":"88888"}
2020-02-20 17:04:50,693 [clientInboundChannel-4] INFO  c.m.d.c.w.WebsocketController - websocket msg: {"name":"88888"}
2020-02-20 17:04:50,861 [clientInboundChannel-5] INFO  c.m.d.c.w.WebsocketController - websocket msg: {"name":"88888"}
2020-02-20 17:04:50,973 [clientInboundChannel-7] INFO  c.m.d.c.w.WebsocketController - websocket msg: {"name":"88888"}
2020-02-20 17:05:49,510 [clientInboundChannel-18] INFO  c.m.d.c.w.WebsocketController - websocket msg: {"name":"88888"}
2020-02-20 17:05:49,669 [clientInboundChannel-4] INFO  c.m.d.c.w.WebsocketController - websocket msg: {"name":"88888"}
2020-02-20 17:05:49,813 [clientInboundChannel-5] INFO  c.m.d.c.w.WebsocketController - websocket msg: {"name":"88888"}
2020-02-20 17:05:53,875 [http-nio-8801-exec-3] INFO  c.m.d.c.w.WebsocketController - websocket reply: qqqq
2020-02-20 17:05:54,853 [http-nio-8801-exec-10] INFO  c.m.d.c.w.WebsocketController - websocket reply: qqqq
2020-02-20 17:06:03,920 [clientInboundChannel-19] INFO  c.m.d.c.w.WebsocketController - websocket msg: {"name":"43432"}
2020-02-20 17:06:07,031 [clientInboundChannel-22] INFO  c.m.d.c.w.WebsocketController - websocket msg: {"name":"43432"}
2020-02-20 17:06:37,149 [clientInboundChannel-21] INFO  c.m.d.c.w.WebsocketController - websocket msg: {"name":"22222222"}
2020-02-20 17:06:42,726 [http-nio-8801-exec-3] INFO  c.m.d.c.w.WebsocketController - websocket reply: qqqq
2020-02-20 17:07:05,829 [clientInboundChannel-15] INFO  c.m.d.c.w.WebsocketController - websocket msg: {"name":"eee"}
2020-02-20 17:07:15,237 [clientInboundChannel-23] INFO  c.m.d.c.w.WebsocketController - websocket msg: {"name":"eee"}
2020-02-20 17:08:08,664 [AsyncResolver-bootstrap-executor-0] INFO  c.n.d.s.r.aws.ConfigClusterResolver - Resolving eureka endpoints via configuration
